{"numTotalTestSuites":62,"numPassedTestSuites":62,"numFailedTestSuites":0,"numPendingTestSuites":0,"numTotalTests":162,"numPassedTests":162,"numFailedTests":0,"numPendingTests":0,"numTodoTests":0,"snapshot":{"added":0,"failure":false,"filesAdded":0,"filesRemoved":0,"filesRemovedList":[],"filesUnmatched":0,"filesUpdated":0,"matched":0,"total":0,"unchecked":0,"uncheckedKeysByFile":[],"unmatched":0,"updated":0,"didUpdate":false},"startTime":1783266134988,"success":true,"testResults":[{"assertionResults":[{"ancestorTitles":["formatEventTitle"],"fullName":"formatEventTitle should format title with PlainDate","status":"passed","title":"should format title with PlainDate","duration":12.834199999999953,"failureMessages":[],"meta":{},"tags":[]},{"ancestorTitles":["formatEventTitle"],"fullName":"formatEventTitle should format title with PlainDateTime","status":"passed","title":"should format title with PlainDateTime","duration":2.4155999999999835,"failureMessages":[],"meta":{},"tags":[]},{"ancestorTitles":["formatEventTitle"],"fullName":"formatEventTitle should format title with different locale","status":"passed","title":"should format title with different locale","duration":2.065400000000011,"failureMessages":[],"meta":{},"tags":[]},{"ancestorTitles":["formatDateForGoogle"],"fullName":"formatDateForGoogle should format all-day start date as YYYYMMDD","status":"passed","title":"should format all-day start date as YYYYMMDD","duration":0.7755999999999972,"failureMessages":[],"meta":{},"tags":[]},{"ancestorTitles":["formatDateForGoogle"],"fullName":"formatDateForGoogle should format all-day end date as YYYYMMDD with +1 day","status":"passed","title":"should format all-day end date as YYYYMMDD with +1 day","duration":0.5498000000000047,"failureMessages":[],"meta":{},"tags":[]},{"ancestorTitles":["formatDateForGoogle"],"fullName":"formatDateForGoogle should format timed start as YYYYMMDDTHHmmss","status":"passed","title":"should format timed start as YYYYMMDDTHHmmss","duration":1.0480999999999767,"failureMessages":[],"meta":{},"tags":[]},{"ancestorTitles":["formatDateForGoogle"],"fullName":"formatDateForGoogle should format timed end as YYYYMMDDTHHmmss with +1 hour","status":"passed","title":"should format timed end as YYYYMMDDTHHmmss with +1 hour","duration":0.488900000000001,"failureMessages":[],"meta":{},"tags":[]},{"ancestorTitles":["formatDateForOutlook"],"fullName":"formatDateForOutlook should format all-day start date as YYYY-MM-DD","status":"passed","title":"should format all-day start date as YYYY-MM-DD","duration":0.3453999999999837,"failureMessages":[],"meta":{},"tags":[]},{"ancestorTitles":["formatDateForOutlook"],"fullName":"formatDateForOutlook should format all-day end date as YYYY-MM-DD with +1 day","status":"passed","title":"should format all-day end date as YYYY-MM-DD with +1 day","duration":0.41060000000004493,"failureMessages":[],"meta":{},"tags":[]},{"ancestorTitles":["formatDateForOutlook"],"fullName":"formatDateForOutlook should format timed start as YYYY-MM-DDTHH:mm:ss","status":"passed","title":"should format timed start as YYYY-MM-DDTHH:mm:ss","duration":0.3018999999999892,"failureMessages":[],"meta":{},"tags":[]},{"ancestorTitles":["formatDateForOutlook"],"fullName":"formatDateForOutlook should format timed end as YYYY-MM-DDTHH:mm:ss with +1 hour","status":"passed","title":"should format timed end as YYYY-MM-DDTHH:mm:ss with +1 hour","duration":0.3153000000000361,"failureMessages":[],"meta":{},"tags":[]},{"ancestorTitles":["buildGoogleCalendarUrl"],"fullName":"buildGoogleCalendarUrl should generate correct Google Calendar URL structure","status":"passed","title":"should generate correct Google Calendar URL structure","duration":0.2225999999999999,"failureMessages":[],"meta":{},"tags":[]},{"ancestorTitles":["buildGoogleCalendarUrl"],"fullName":"buildGoogleCalendarUrl should properly encode special characters in title","status":"passed","title":"should properly encode special characters in title","duration":0.1984000000000492,"failureMessages":[],"meta":{},"tags":[]},{"ancestorTitles":["buildOutlookCalendarUrl"],"fullName":"buildOutlookCalendarUrl should generate correct Outlook URL structure for all-day","status":"passed","title":"should generate correct Outlook URL structure for all-day","duration":0.2817999999999756,"failureMessages":[],"meta":{},"tags":[]},{"ancestorTitles":["buildOutlookCalendarUrl"],"fullName":"buildOutlookCalendarUrl should generate correct Outlook URL structure for timed","status":"passed","title":"should generate correct Outlook URL structure for timed","duration":0.18329999999997426,"failureMessages":[],"meta":{},"tags":[]},{"ancestorTitles":["generateIcsFile"],"fullName":"generateIcsFile should generate ICS content with required VCALENDAR structure","status":"passed","title":"should generate ICS content with required VCALENDAR structure","duration":2.441599999999994,"failureMessages":[],"meta":{},"tags":[]},{"ancestorTitles":["generateIcsFile"],"fullName":"generateIcsFile should generate ICS for timed event","status":"passed","title":"should generate ICS for timed event","duration":1.290200000000027,"failureMessages":[],"meta":{},"tags":[]},{"ancestorTitles":["Calendar export edge cases"],"fullName":"Calendar export edge cases should handle special characters in event titles","status":"passed","title":"should handle special characters in event titles","duration":0.22280000000000655,"failureMessages":[],"meta":{},"tags":[]}],"startTime":1783266137912,"endTime":1783266137939.2903,"status":"passed","message":"","name":"C:/Users/MROCHOWSKI/source/repos/moje/10xdevs3-jublio/src/utils/__tests__/calendarExport.test.ts"},{"assertionResults":[{"ancestorTitles":["validateCustomMilestoneValue - Value-only validation"],"fullName":"validateCustomMilestoneValue - Value-only validation should allow empty string","status":"passed","title":"should allow empty string","duration":3.1724000000000387,"failureMessages":[],"meta":{},"tags":[]},{"ancestorTitles":["validateCustomMilestoneValue - Value-only validation"],"fullName":"validateCustomMilestoneValue - Value-only validation should allow whitespace-only string (trimmed to empty)","status":"passed","title":"should allow whitespace-only string (trimmed to empty)","duration":0.304300000000012,"failureMessages":[],"meta":{},"tags":[]},{"ancestorTitles":["validateCustomMilestoneValue - Value-only validation"],"fullName":"validateCustomMilestoneValue - Value-only validation should reject invalid number (non-numeric string)","status":"passed","title":"should reject invalid number (non-numeric string)","duration":0.24300000000005184,"failureMessages":[],"meta":{},"tags":[]},{"ancestorTitles":["validateCustomMilestoneValue - Value-only validation"],"fullName":"validateCustomMilestoneValue - Value-only validation should reject decimal values","status":"passed","title":"should reject decimal values","duration":0.1775000000000091,"failureMessages":[],"meta":{},"tags":[]},{"ancestorTitles":["validateCustomMilestoneValue - Value-only validation"],"fullName":"validateCustomMilestoneValue - Value-only validation should reject zero","status":"passed","title":"should reject zero","duration":0.2337999999999738,"failureMessages":[],"meta":{},"tags":[]},{"ancestorTitles":["validateCustomMilestoneValue - Value-only validation"],"fullName":"validateCustomMilestoneValue - Value-only validation should reject negative values","status":"passed","title":"should reject negative values","duration":0.18709999999998672,"failureMessages":[],"meta":{},"tags":[]},{"ancestorTitles":["validateCustomMilestoneValue - Value-only validation"],"fullName":"validateCustomMilestoneValue - Value-only validation should accept minimum boundary value (1)","status":"passed","title":"should accept minimum boundary value (1)","duration":0.20450000000005275,"failureMessages":[],"meta":{},"tags":[]},{"ancestorTitles":["validateCustomMilestoneValue - Value-only validation"],"fullName":"validateCustomMilestoneValue - Value-only validation should accept maximum boundary value (1000000000)","status":"passed","title":"should accept maximum boundary value (1000000000)","duration":0.17420000000004165,"failureMessages":[],"meta":{},"tags":[]},{"ancestorTitles":["validateCustomMilestoneValue - Value-only validation"],"fullName":"validateCustomMilestoneValue - Value-only validation should reject value above maximum (1000000001)","status":"passed","title":"should reject value above maximum (1000000001)","duration":4.444999999999936,"failureMessages":[],"meta":{},"tags":[]},{"ancestorTitles":["validateCustomMilestoneValue - Value-only validation"],"fullName":"validateCustomMilestoneValue - Value-only validation should accept valid value with no units (no life expectancy check)","status":"passed","title":"should accept valid value with no units (no life expectancy check)","duration":0.3694000000000415,"failureMessages":[],"meta":{},"tags":[]},{"ancestorTitles":["validateCustomMilestoneValue - Life expectancy validation"],"fullName":"validateCustomMilestoneValue - Life expectancy validation should accept valid combination (1000 days from 2020-01-01)","status":"passed","title":"should accept valid combination (1000 days from 2020-01-01)","duration":8.55460000000005,"failureMessages":[],"meta":{},"tags":[]},{"ancestorTitles":["validateCustomMilestoneValue - Life expectancy validation"],"fullName":"validateCustomMilestoneValue - Life expectancy validation should accept multiple valid units (100 with days, weeks, months)","status":"passed","title":"should accept multiple valid units (100 with days, weeks, months)","duration":1.835299999999961,"failureMessages":[],"meta":{},"tags":[]},{"ancestorTitles":["validateCustomMilestoneValue - Life expectancy validation"],"fullName":"validateCustomMilestoneValue - Life expectancy validation should reject value exceeding 75 years (100 years)","status":"passed","title":"should reject value exceeding 75 years (100 years)","duration":1.0030000000000427,"failureMessages":[],"meta":{},"tags":[]},{"ancestorTitles":["validateCustomMilestoneValue - Life expectancy validation"],"fullName":"validateCustomMilestoneValue - Life expectancy validation should reject value exceeding 75 years (40000 days ~109 years)","status":"passed","title":"should reject value exceeding 75 years (40000 days ~109 years)","duration":0.7104000000000497,"failureMessages":[],"meta":{},"tags":[]},{"ancestorTitles":["validateCustomMilestoneValue - Life expectancy validation"],"fullName":"validateCustomMilestoneValue - Life expectancy validation should reject when any selected unit exceeds 75 years","status":"passed","title":"should reject when any selected unit exceeds 75 years","duration":1.0521999999999707,"failureMessages":[],"meta":{},"tags":[]},{"ancestorTitles":["validateCustomMilestoneValue - Life expectancy validation"],"fullName":"validateCustomMilestoneValue - Life expectancy validation should reject Temporal overflow (999999999 years)","status":"passed","title":"should reject Temporal overflow (999999999 years)","duration":0.32799999999997453,"failureMessages":[],"meta":{},"tags":[]},{"ancestorTitles":["validateCustomMilestoneValue - Life expectancy validation"],"fullName":"validateCustomMilestoneValue - Life expectancy validation should work with PlainDateTime as originalDate","status":"passed","title":"should work with PlainDateTime as originalDate","duration":0.6357000000000426,"failureMessages":[],"meta":{},"tags":[]},{"ancestorTitles":["validateCustomMilestoneValue - Life expectancy validation"],"fullName":"validateCustomMilestoneValue - Life expectancy validation should accept very large seconds value that stays within 75 years (500000000 seconds ~15.8 years)","status":"passed","title":"should accept very large seconds value that stays within 75 years (500000000 seconds ~15.8 years)","duration":0.509900000000016,"failureMessages":[],"meta":{},"tags":[]},{"ancestorTitles":["validateCustomMilestoneValue - Life expectancy validation"],"fullName":"validateCustomMilestoneValue - Life expectancy validation should accept value with units but no originalDate (cannot check life expectancy)","status":"passed","title":"should accept value with units but no originalDate (cannot check life expectancy)","duration":0.1413000000000011,"failureMessages":[],"meta":{},"tags":[]},{"ancestorTitles":["validateCustomMilestoneValue - Edge cases"],"fullName":"validateCustomMilestoneValue - Edge cases should reject large value with months that exceeds 75 years","status":"passed","title":"should reject large value with months that exceeds 75 years","duration":0.4852000000000771,"failureMessages":[],"meta":{},"tags":[]},{"ancestorTitles":["validateCustomMilestoneValue - Edge cases"],"fullName":"validateCustomMilestoneValue - Edge cases should accept value near but under 75-year boundary","status":"passed","title":"should accept value near but under 75-year boundary","duration":2.1060999999999694,"failureMessages":[],"meta":{},"tags":[]},{"ancestorTitles":["validateCustomMilestoneValue - Edge cases"],"fullName":"validateCustomMilestoneValue - Edge cases should handle very large value with small unit (999999999 seconds ~31.7 years)","status":"passed","title":"should handle very large value with small unit (999999999 seconds ~31.7 years)","duration":0.6369999999999436,"failureMessages":[],"meta":{},"tags":[]},{"ancestorTitles":["validateCustomMilestoneValue - Edge cases"],"fullName":"validateCustomMilestoneValue - Edge cases should handle Temporal overflow gracefully with multiple units","status":"passed","title":"should handle Temporal overflow gracefully with multiple units","duration":0.38020000000005894,"failureMessages":[],"meta":{},"tags":[]},{"ancestorTitles":["validateCustomMilestoneValue - Edge cases"],"fullName":"validateCustomMilestoneValue - Edge cases should format large numbers with thousands separators in error messages","status":"passed","title":"should format large numbers with thousands separators in error messages","duration":0.20150000000001,"failureMessages":[],"meta":{},"tags":[]}],"startTime":1783266137860,"endTime":1783266137888.3801,"status":"passed","message":"","name":"C:/Users/MROCHOWSKI/source/repos/moje/10xdevs3-jublio/src/utils/__tests__/customMilestoneValidation.test.ts"},{"assertionResults":[{"ancestorTitles":["Design Decisions","Years NOT calculated (design decision #2)"],"fullName":"Design Decisions Years NOT calculated (design decision #2) DateCard does NOT generate year-based milestones","status":"passed","title":"DateCard does NOT generate year-based milestones","duration":43.990499999999884,"failureMessages":[],"meta":{},"tags":[]},{"ancestorTitles":["Design Decisions","Years NOT calculated (design decision #2)"],"fullName":"Design Decisions Years NOT calculated (design decision #2) DateTimeCard does NOT generate year-based milestones","status":"passed","title":"DateTimeCard does NOT generate year-based milestones","duration":52.2340999999999,"failureMessages":[],"meta":{},"tags":[]},{"ancestorTitles":["Design Decisions","Months ARE calculated (design decision #3)"],"fullName":"Design Decisions Months ARE calculated (design decision #3) DateCard generates month-based milestones","status":"passed","title":"DateCard generates month-based milestones","duration":48.157399999999825,"failureMessages":[],"meta":{},"tags":[]},{"ancestorTitles":["Design Decisions","Months ARE calculated (design decision #3)"],"fullName":"Design Decisions Months ARE calculated (design decision #3) DateTimeCard generates month-based milestones","status":"passed","title":"DateTimeCard generates month-based milestones","duration":60.925500000000056,"failureMessages":[],"meta":{},"tags":[]},{"ancestorTitles":["Design Decisions","DST uses wall-clock hours (design decision #4)"],"fullName":"Design Decisions DST uses wall-clock hours (design decision #4) PlainDateTime addition is deterministic (wall-clock hours)","status":"passed","title":"PlainDateTime addition is deterministic (wall-clock hours)","duration":1.2010000000000218,"failureMessages":[],"meta":{},"tags":[]},{"ancestorTitles":["Design Decisions","DST uses wall-clock hours (design decision #4)"],"fullName":"Design Decisions DST uses wall-clock hours (design decision #4) Multiple hour additions are consistent and deterministic","status":"passed","title":"Multiple hour additions are consistent and deterministic","duration":0.3953000000001339,"failureMessages":[],"meta":{},"tags":[]},{"ancestorTitles":["Design Decisions","Time units by input type"],"fullName":"Design Decisions Time units by input type DateCard includes only: days, weeks, months (no time-based units)","status":"passed","title":"DateCard includes only: days, weeks, months (no time-based units)","duration":16.375800000000027,"failureMessages":[],"meta":{},"tags":[]},{"ancestorTitles":["Design Decisions","Time units by input type"],"fullName":"Design Decisions Time units by input type DateTimeCard includes: seconds, minutes, hours, days, weeks, months","status":"passed","title":"DateTimeCard includes: seconds, minutes, hours, days, weeks, months","duration":42.612100000000055,"failureMessages":[],"meta":{},"tags":[]}],"startTime":1783266136865,"endTime":1783266137132.612,"status":"passed","message":"","name":"C:/Users/MROCHOWSKI/source/repos/moje/10xdevs3-jublio/src/utils/__tests__/design-decisions.test.ts"},{"assertionResults":[{"ancestorTitles":["generateShareUrl - Context-aware text generation"],"fullName":"generateShareUrl - Context-aware text generation should generate 'Today's exactly' for Today category","status":"passed","title":"should generate 'Today's exactly' for Today category","duration":3.866899999999987,"failureMessages":[],"meta":{},"tags":[]},{"ancestorTitles":["generateShareUrl - Context-aware text generation"],"fullName":"generateShareUrl - Context-aware text generation should generate 'On {date}, it will be exactly' for ThisWeek category","status":"passed","title":"should generate 'On {date}, it will be exactly' for ThisWeek category","duration":3.878399999999999,"failureMessages":[],"meta":{},"tags":[]},{"ancestorTitles":["generateShareUrl - Context-aware text generation"],"fullName":"generateShareUrl - Context-aware text generation should generate 'On {date}, it will be exactly' for NextMonth category","status":"passed","title":"should generate 'On {date}, it will be exactly' for NextMonth category","duration":2.3249999999999886,"failureMessages":[],"meta":{},"tags":[]},{"ancestorTitles":["generateShareUrl - Context-aware text generation"],"fullName":"generateShareUrl - Context-aware text generation should generate 'On {date}, it will be exactly' for Further category","status":"passed","title":"should generate 'On {date}, it will be exactly' for Further category","duration":2.1859000000000037,"failureMessages":[],"meta":{},"tags":[]},{"ancestorTitles":["generateShareUrl - Context-aware text generation"],"fullName":"generateShareUrl - Context-aware text generation should generate 'On {date}, it will be exactly' for BeyondHumanLifeExpectancy category","status":"passed","title":"should generate 'On {date}, it will be exactly' for BeyondHumanLifeExpectancy category","duration":1.3788000000000125,"failureMessages":[],"meta":{},"tags":[]},{"ancestorTitles":["generateShareUrl - Context-aware text generation"],"fullName":"generateShareUrl - Context-aware text generation should generate 'On {date}, it was exactly' for AlreadyPassed category","status":"passed","title":"should generate 'On {date}, it was exactly' for AlreadyPassed category","duration":1.284400000000005,"failureMessages":[],"meta":{},"tags":[]},{"ancestorTitles":["generateShareUrl - Provider URL formats"],"fullName":"generateShareUrl - Provider URL formats should generate WhatsApp URL with encoded text","status":"passed","title":"should generate WhatsApp URL with encoded text","duration":0.9481000000000108,"failureMessages":[],"meta":{},"tags":[]},{"ancestorTitles":["generateShareUrl - Provider URL formats"],"fullName":"generateShareUrl - Provider URL formats should generate Twitter URL with encoded text","status":"passed","title":"should generate Twitter URL with encoded text","duration":0.8537999999999784,"failureMessages":[],"meta":{},"tags":[]},{"ancestorTitles":["generateShareUrl - Provider URL formats"],"fullName":"generateShareUrl - Provider URL formats should generate SMS URL with encoded text","status":"passed","title":"should generate SMS URL with encoded text","duration":5.717199999999991,"failureMessages":[],"meta":{},"tags":[]},{"ancestorTitles":["generateShareUrl - Provider URL formats"],"fullName":"generateShareUrl - Provider URL formats should generate Facebook URL with encoded URL (no custom text)","status":"passed","title":"should generate Facebook URL with encoded URL (no custom text)","duration":0.983099999999979,"failureMessages":[],"meta":{},"tags":[]},{"ancestorTitles":["generateShareUrl - Provider URL formats"],"fullName":"generateShareUrl - Provider URL formats should generate Messenger URL with encoded URL (no custom text)","status":"passed","title":"should generate Messenger URL with encoded URL (no custom text)","duration":0.5878999999999905,"failureMessages":[],"meta":{},"tags":[]},{"ancestorTitles":["generateShareUrl - Provider URL formats"],"fullName":"generateShareUrl - Provider URL formats should generate LinkedIn URL with encoded URL (no custom text)","status":"passed","title":"should generate LinkedIn URL with encoded URL (no custom text)","duration":1.0144000000000233,"failureMessages":[],"meta":{},"tags":[]},{"ancestorTitles":["generateShareUrl - Provider URL formats"],"fullName":"generateShareUrl - Provider URL formats should return text directly for Copy provider (no URL)","status":"passed","title":"should return text directly for Copy provider (no URL)","duration":1.1999999999999886,"failureMessages":[],"meta":{},"tags":[]},{"ancestorTitles":["generateShareUrl - Character encoding"],"fullName":"generateShareUrl - Character encoding should properly encode special characters in URL providers","status":"passed","title":"should properly encode special characters in URL providers","duration":0.990600000000029,"failureMessages":[],"meta":{},"tags":[]},{"ancestorTitles":["generateShareUrl - Character encoding"],"fullName":"generateShareUrl - Character encoding should NOT encode text for Copy provider","status":"passed","title":"should NOT encode text for Copy provider","duration":0.7321000000000026,"failureMessages":[],"meta":{},"tags":[]},{"ancestorTitles":["generateShareUrl - Character encoding"],"fullName":"generateShareUrl - Character encoding should properly encode emoji in URL providers","status":"passed","title":"should properly encode emoji in URL providers","duration":0.470799999999997,"failureMessages":[],"meta":{},"tags":[]},{"ancestorTitles":["generateShareUrl - Attribution URL"],"fullName":"generateShareUrl - Attribution URL should include attribution URL in all providers","status":"passed","title":"should include attribution URL in all providers","duration":4.513699999999972,"failureMessages":[],"meta":{},"tags":[]},{"ancestorTitles":["generateShareUrl - Edge cases"],"fullName":"generateShareUrl - Edge cases should handle very long label without truncation","status":"passed","title":"should handle very long label without truncation","duration":3.6492999999999824,"failureMessages":[],"meta":{},"tags":[]},{"ancestorTitles":["generateShareUrl - Edge cases"],"fullName":"generateShareUrl - Edge cases should format originalDate according to locale","status":"passed","title":"should format originalDate according to locale","duration":2.447999999999979,"failureMessages":[],"meta":{},"tags":[]},{"ancestorTitles":["generateShareUrl - Edge cases"],"fullName":"generateShareUrl - Edge cases should handle PlainDate vs PlainDateTime originalDate","status":"passed","title":"should handle PlainDate vs PlainDateTime originalDate","duration":1.7461999999999875,"failureMessages":[],"meta":{},"tags":[]}],"startTime":1783266136855,"endTime":1783266136897.746,"status":"passed","message":"","name":"C:/Users/MROCHOWSKI/source/repos/moje/10xdevs3-jublio/src/utils/__tests__/socialShare.test.ts"},{"assertionResults":[{"ancestorTitles":["Temporal API Edge Cases","Leap year handling"],"fullName":"Temporal API Edge Cases Leap year handling calculates 1,000 days from leap day (2020-02-29) correctly","status":"passed","title":"calculates 1,000 days from leap day (2020-02-29) correctly","duration":124.79200000000003,"failureMessages":[],"meta":{},"tags":[]},{"ancestorTitles":["Temporal API Edge Cases","Leap year handling"],"fullName":"Temporal API Edge Cases Leap year handling handles adding 1 year from leap day (rounds to Feb 28)","status":"passed","title":"handles adding 1 year from leap day (rounds to Feb 28)","duration":0.703899999999976,"failureMessages":[],"meta":{},"tags":[]},{"ancestorTitles":["Temporal API Edge Cases","Leap year handling"],"fullName":"Temporal API Edge Cases Leap year handling handles leap year in middle of calculation (1000 days from 2019-01-01)","status":"passed","title":"handles leap year in middle of calculation (1000 days from 2019-01-01)","duration":22.871600000000058,"failureMessages":[],"meta":{},"tags":[]},{"ancestorTitles":["Temporal API Edge Cases","Month boundary overflow"],"fullName":"Temporal API Edge Cases Month boundary overflow handles adding 1 month from Jan 31 (overflows to Feb 29 in leap year)","status":"passed","title":"handles adding 1 month from Jan 31 (overflows to Feb 29 in leap year)","duration":4.61830000000009,"failureMessages":[],"meta":{},"tags":[]},{"ancestorTitles":["Temporal API Edge Cases","Month boundary overflow"],"fullName":"Temporal API Edge Cases Month boundary overflow handles adding 1 month from Jan 31 (overflows to Feb 28 in non-leap year)","status":"passed","title":"handles adding 1 month from Jan 31 (overflows to Feb 28 in non-leap year)","duration":0.47690000000000055,"failureMessages":[],"meta":{},"tags":[]}],"startTime":1783266136856,"endTime":1783266137012.4768,"status":"passed","message":"","name":"C:/Users/MROCHOWSKI/source/repos/moje/10xdevs3-jublio/src/utils/__tests__/temporal-edge-cases.test.ts"},{"assertionResults":[{"ancestorTitles":["validateDateTime","Future date validation"],"fullName":"validateDateTime Future date validation rejects future date (2030-01-01)","status":"passed","title":"rejects future date (2030-01-01)","duration":12.033299999999997,"failureMessages":[],"meta":{},"tags":[]},{"ancestorTitles":["validateDateTime","Future date validation"],"fullName":"validateDateTime Future date validation rejects date that is tomorrow","status":"passed","title":"rejects date that is tomorrow","duration":2.474800000000016,"failureMessages":[],"meta":{},"tags":[]},{"ancestorTitles":["validateDateTime","Future date validation"],"fullName":"validateDateTime Future date validation accepts today's date","status":"passed","title":"accepts today's date","duration":0.9908000000000357,"failureMessages":[],"meta":{},"tags":[]},{"ancestorTitles":["validateDateTime","Future date validation"],"fullName":"validateDateTime Future date validation accepts past date","status":"passed","title":"accepts past date","duration":0.5713000000000079,"failureMessages":[],"meta":{},"tags":[]},{"ancestorTitles":["validateDateTime","Future time validation"],"fullName":"validateDateTime Future time validation rejects today's date with future time","status":"passed","title":"rejects today's date with future time","duration":3.486099999999965,"failureMessages":[],"meta":{},"tags":[]},{"ancestorTitles":["validateDateTime","Future time validation"],"fullName":"validateDateTime Future time validation accepts today's date with past time","status":"passed","title":"accepts today's date with past time","duration":1.3508999999999673,"failureMessages":[],"meta":{},"tags":[]},{"ancestorTitles":["validateDateTime","Future time validation"],"fullName":"validateDateTime Future time validation accepts past date with any time (even future time)","status":"passed","title":"accepts past date with any time (even future time)","duration":0.5513000000000261,"failureMessages":[],"meta":{},"tags":[]},{"ancestorTitles":["validateDateTime","Empty time string normalization"],"fullName":"validateDateTime Empty time string normalization treats empty time string as date-only input (time = undefined)","status":"passed","title":"treats empty time string as date-only input (time = undefined)","duration":0.5242000000000075,"failureMessages":[],"meta":{},"tags":[]},{"ancestorTitles":["validateDateTime","Empty time string normalization"],"fullName":"validateDateTime Empty time string normalization treats whitespace-only time string as date-only input","status":"passed","title":"treats whitespace-only time string as date-only input","duration":0.4970000000000141,"failureMessages":[],"meta":{},"tags":[]},{"ancestorTitles":["validateDateTime","Empty time string normalization"],"fullName":"validateDateTime Empty time string normalization accepts valid time string (not empty)","status":"passed","title":"accepts valid time string (not empty)","duration":0.8413999999999646,"failureMessages":[],"meta":{},"tags":[]},{"ancestorTitles":["validateDateTime","Input validation"],"fullName":"validateDateTime Input validation rejects empty date string","status":"passed","title":"rejects empty date string","duration":0.21090000000003783,"failureMessages":[],"meta":{},"tags":[]},{"ancestorTitles":["validateDateTime","Input validation"],"fullName":"validateDateTime Input validation rejects invalid date format","status":"passed","title":"rejects invalid date format","duration":0.18830000000002656,"failureMessages":[],"meta":{},"tags":[]},{"ancestorTitles":["validateDateTime","Input validation"],"fullName":"validateDateTime Input validation rejects invalid time format","status":"passed","title":"rejects invalid time format","duration":0.20699999999999363,"failureMessages":[],"meta":{},"tags":[]}],"startTime":1783266138174,"endTime":1783266138198.211,"status":"passed","message":"","name":"C:/Users/MROCHOWSKI/source/repos/moje/10xdevs3-jublio/src/utils/__tests__/validation.test.ts"},{"assertionResults":[{"ancestorTitles":["CardBase (via DateCard)","Custom milestone generation"],"fullName":"CardBase (via DateCard) Custom milestone generation generates custom milestone with value 420","status":"passed","title":"generates custom milestone with value 420","duration":42.576599999999985,"failureMessages":[],"meta":{},"tags":[]},{"ancestorTitles":["CardBase (via DateCard)","Custom milestone generation"],"fullName":"CardBase (via DateCard) Custom milestone generation generates multiple custom milestones (420, 2137)","status":"passed","title":"generates multiple custom milestones (420, 2137)","duration":13.436699999999973,"failureMessages":[],"meta":{},"tags":[]},{"ancestorTitles":["CardBase (via DateCard)","Custom milestone generation"],"fullName":"CardBase (via DateCard) Custom milestone generation generates custom milestones alongside default power-of-10 milestones","status":"passed","title":"generates custom milestones alongside default power-of-10 milestones","duration":11.457499999999982,"failureMessages":[],"meta":{},"tags":[]},{"ancestorTitles":["CardBase (via DateCard)","Custom milestone generation"],"fullName":"CardBase (via DateCard) Custom milestone generation generates custom milestone with different unit (weeks)","status":"passed","title":"generates custom milestone with different unit (weeks)","duration":28.26290000000006,"failureMessages":[],"meta":{},"tags":[]},{"ancestorTitles":["CardBase (via DateCard)","Custom milestone generation"],"fullName":"CardBase (via DateCard) Custom milestone generation handles large custom values (25000 days)","status":"passed","title":"handles large custom values (25000 days)","duration":26.654399999999896,"failureMessages":[],"meta":{},"tags":[]},{"ancestorTitles":["CardBase (via DateCard)","Default power-of-10 milestone generation"],"fullName":"CardBase (via DateCard) Default power-of-10 milestone generation generates default milestones at power-of-10 intervals","status":"passed","title":"generates default milestones at power-of-10 intervals","duration":22.01610000000005,"failureMessages":[],"meta":{},"tags":[]}],"startTime":1783266136867,"endTime":1783266137025.016,"status":"passed","message":"","name":"C:/Users/MROCHOWSKI/source/repos/moje/10xdevs3-jublio/src/utils/classes/__tests__/CardBase.test.ts"},{"assertionResults":[{"ancestorTitles":["DateCard","Basic date-only calculation (happy-path)"],"fullName":"DateCard Basic date-only calculation (happy-path) calculates 10 days from 2020-01-01 correctly","status":"passed","title":"calculates 10 days from 2020-01-01 correctly","duration":98.95879999999988,"failureMessages":[],"meta":{},"tags":[]},{"ancestorTitles":["DateCard","Basic date-only calculation (happy-path)"],"fullName":"DateCard Basic date-only calculation (happy-path) calculates 100 days from 2020-01-01 correctly","status":"passed","title":"calculates 100 days from 2020-01-01 correctly","duration":48.21180000000004,"failureMessages":[],"meta":{},"tags":[]},{"ancestorTitles":["DateCard","Basic date-only calculation (happy-path)"],"fullName":"DateCard Basic date-only calculation (happy-path) calculates 1,000 days from 2020-01-01 correctly","status":"passed","title":"calculates 1,000 days from 2020-01-01 correctly","duration":37.22250000000008,"failureMessages":[],"meta":{},"tags":[]},{"ancestorTitles":["DateCard","Basic date-only calculation (happy-path)"],"fullName":"DateCard Basic date-only calculation (happy-path) calculates week-based milestones","status":"passed","title":"calculates week-based milestones","duration":29.30289999999991,"failureMessages":[],"meta":{},"tags":[]},{"ancestorTitles":["DateCard","Basic date-only calculation (happy-path)"],"fullName":"DateCard Basic date-only calculation (happy-path) returns Temporal.PlainDate from getBase()","status":"passed","title":"returns Temporal.PlainDate from getBase()","duration":9.634400000000142,"failureMessages":[],"meta":{},"tags":[]},{"ancestorTitles":["DateCard","Basic date-only calculation (happy-path)"],"fullName":"DateCard Basic date-only calculation (happy-path) throws error for invalid unit","status":"passed","title":"throws error for invalid unit","duration":13.845499999999902,"failureMessages":[],"meta":{},"tags":[]}],"startTime":1783266136858,"endTime":1783266137095.8455,"status":"passed","message":"","name":"C:/Users/MROCHOWSKI/source/repos/moje/10xdevs3-jublio/src/utils/classes/__tests__/DateCard.test.ts"},{"assertionResults":[{"ancestorTitles":["DateTimeCard","Basic date+time calculation (happy-path)"],"fullName":"DateTimeCard Basic date+time calculation (happy-path) calculates 1,000 seconds from 2020-01-01T12:00:00 correctly","status":"passed","title":"calculates 1,000 seconds from 2020-01-01T12:00:00 correctly","duration":86.74880000000007,"failureMessages":[],"meta":{},"tags":[]},{"ancestorTitles":["DateTimeCard","Basic date+time calculation (happy-path)"],"fullName":"DateTimeCard Basic date+time calculation (happy-path) calculates 10,000 minutes from 2020-01-01T12:00:00 correctly","status":"passed","title":"calculates 10,000 minutes from 2020-01-01T12:00:00 correctly","duration":68.1851999999999,"failureMessages":[],"meta":{},"tags":[]},{"ancestorTitles":["DateTimeCard","Basic date+time calculation (happy-path)"],"fullName":"DateTimeCard Basic date+time calculation (happy-path) calculates 10,000 hours from 2020-01-01T12:00:00 correctly","status":"passed","title":"calculates 10,000 hours from 2020-01-01T12:00:00 correctly","duration":40.3913,"failureMessages":[],"meta":{},"tags":[]},{"ancestorTitles":["DateTimeCard","Basic date+time calculation (happy-path)"],"fullName":"DateTimeCard Basic date+time calculation (happy-path) includes all time-based units (seconds, minutes, hours, days, weeks, months)","status":"passed","title":"includes all time-based units (seconds, minutes, hours, days, weeks, months)","duration":48.30210000000011,"failureMessages":[],"meta":{},"tags":[]},{"ancestorTitles":["DateTimeCard","Basic date+time calculation (happy-path)"],"fullName":"DateTimeCard Basic date+time calculation (happy-path) returns Temporal.PlainDateTime from getBase()","status":"passed","title":"returns Temporal.PlainDateTime from getBase()","duration":15.351599999999962,"failureMessages":[],"meta":{},"tags":[]},{"ancestorTitles":["DateTimeCard","Basic date+time calculation (happy-path)"],"fullName":"DateTimeCard Basic date+time calculation (happy-path) throws error for invalid unit","status":"passed","title":"throws error for invalid unit","duration":18.171600000000126,"failureMessages":[],"meta":{},"tags":[]},{"ancestorTitles":["DateTimeCard","Date+time edge cases"],"fullName":"DateTimeCard Date+time edge cases handles midnight start time correctly","status":"passed","title":"handles midnight start time correctly","duration":31.557400000000143,"failureMessages":[],"meta":{},"tags":[]},{"ancestorTitles":["DateTimeCard","Date+time edge cases"],"fullName":"DateTimeCard Date+time edge cases handles time crossing midnight boundary","status":"passed","title":"handles time crossing midnight boundary","duration":58.08940000000007,"failureMessages":[],"meta":{},"tags":[]}],"startTime":1783266136863,"endTime":1783266137230.0894,"status":"passed","message":"","name":"C:/Users/MROCHOWSKI/source/repos/moje/10xdevs3-jublio/src/utils/classes/__tests__/DateTimeCard.test.ts"},{"assertionResults":[{"ancestorTitles":["Milestone Categorization","AlreadyPassed"],"fullName":"Milestone Categorization AlreadyPassed categorizes date in the past as AlreadyPassed","status":"passed","title":"categorizes date in the past as AlreadyPassed","duration":10.97199999999998,"failureMessages":[],"meta":{},"tags":[]},{"ancestorTitles":["Milestone Categorization","AlreadyPassed"],"fullName":"Milestone Categorization AlreadyPassed categorizes datetime in the past as AlreadyPassed","status":"passed","title":"categorizes datetime in the past as AlreadyPassed","duration":1.915100000000166,"failureMessages":[],"meta":{},"tags":[]},{"ancestorTitles":["Milestone Categorization","AlreadyPassed"],"fullName":"Milestone Categorization AlreadyPassed categorizes far past date as AlreadyPassed","status":"passed","title":"categorizes far past date as AlreadyPassed","duration":1.183999999999969,"failureMessages":[],"meta":{},"tags":[]},{"ancestorTitles":["Milestone Categorization","Today"],"fullName":"Milestone Categorization Today categorizes same date as Today","status":"passed","title":"categorizes same date as Today","duration":2.0088000000000648,"failureMessages":[],"meta":{},"tags":[]},{"ancestorTitles":["Milestone Categorization","Today"],"fullName":"Milestone Categorization Today categorizes datetime with same date but future time as Today","status":"passed","title":"categorizes datetime with same date but future time as Today","duration":1.2286999999998898,"failureMessages":[],"meta":{},"tags":[]},{"ancestorTitles":["Milestone Categorization","Today"],"fullName":"Milestone Categorization Today categorizes datetime with same date but earlier time as Today","status":"passed","title":"categorizes datetime with same date but earlier time as Today","duration":1.0001999999999498,"failureMessages":[],"meta":{},"tags":[]},{"ancestorTitles":["Milestone Categorization","ThisWeek"],"fullName":"Milestone Categorization ThisWeek categorizes remaining days of current week as ThisWeek","status":"passed","title":"categorizes remaining days of current week as ThisWeek","duration":2.559099999999944,"failureMessages":[],"meta":{},"tags":[]},{"ancestorTitles":["Milestone Categorization","ThisWeek"],"fullName":"Milestone Categorization ThisWeek categorizes Sunday of current week at start of day as ThisWeek","status":"passed","title":"categorizes Sunday of current week at start of day as ThisWeek","duration":1.4286999999999352,"failureMessages":[],"meta":{},"tags":[]},{"ancestorTitles":["Milestone Categorization","ThisWeek"],"fullName":"Milestone Categorization ThisWeek categorizes Sunday of current week at end of day as ThisWeek","status":"passed","title":"categorizes Sunday of current week at end of day as ThisWeek","duration":1.393199999999979,"failureMessages":[],"meta":{},"tags":[]},{"ancestorTitles":["Milestone Categorization","ThisWeek"],"fullName":"Milestone Categorization ThisWeek categorizes Tuesday when today is Monday as ThisWeek","status":"passed","title":"categorizes Tuesday when today is Monday as ThisWeek","duration":1.46550000000002,"failureMessages":[],"meta":{},"tags":[]},{"ancestorTitles":["Milestone Categorization","ThisWeek"],"fullName":"Milestone Categorization ThisWeek categorizes Friday when today is Monday as ThisWeek","status":"passed","title":"categorizes Friday when today is Monday as ThisWeek","duration":1.2243000000000848,"failureMessages":[],"meta":{},"tags":[]},{"ancestorTitles":["Milestone Categorization","NextWeek"],"fullName":"Milestone Categorization NextWeek categorizes Monday of next week as NextWeek","status":"passed","title":"categorizes Monday of next week as NextWeek","duration":1.269900000000007,"failureMessages":[],"meta":{},"tags":[]},{"ancestorTitles":["Milestone Categorization","NextWeek"],"fullName":"Milestone Categorization NextWeek categorizes Sunday of next week at start of day as NextWeek","status":"passed","title":"categorizes Sunday of next week at start of day as NextWeek","duration":6.918099999999868,"failureMessages":[],"meta":{},"tags":[]},{"ancestorTitles":["Milestone Categorization","NextWeek"],"fullName":"Milestone Categorization NextWeek categorizes last hour of next week Sunday as NextWeek","status":"passed","title":"categorizes last hour of next week Sunday as NextWeek","duration":1.528099999999995,"failureMessages":[],"meta":{},"tags":[]},{"ancestorTitles":["Milestone Categorization","NextWeek"],"fullName":"Milestone Categorization NextWeek categorizes Wednesday of next week as NextWeek","status":"passed","title":"categorizes Wednesday of next week as NextWeek","duration":1.223700000000008,"failureMessages":[],"meta":{},"tags":[]},{"ancestorTitles":["Milestone Categorization","ThisMonth"],"fullName":"Milestone Categorization ThisMonth categorizes date in same month after next week as ThisMonth","status":"passed","title":"categorizes date in same month after next week as ThisMonth","duration":1.6920000000000073,"failureMessages":[],"meta":{},"tags":[]},{"ancestorTitles":["Milestone Categorization","ThisMonth"],"fullName":"Milestone Categorization ThisMonth categorizes date late in current month as ThisMonth","status":"passed","title":"categorizes date late in current month as ThisMonth","duration":2.25870000000009,"failureMessages":[],"meta":{},"tags":[]},{"ancestorTitles":["Milestone Categorization","ThisMonth"],"fullName":"Milestone Categorization ThisMonth categorizes last day of current month as ThisMonth","status":"passed","title":"categorizes last day of current month as ThisMonth","duration":1.4393999999999778,"failureMessages":[],"meta":{},"tags":[]},{"ancestorTitles":["Milestone Categorization","ThisMonth"],"fullName":"Milestone Categorization ThisMonth categorizes early in month when today is late in month as ThisMonth","status":"passed","title":"categorizes early in month when today is late in month as ThisMonth","duration":0.963799999999992,"failureMessages":[],"meta":{},"tags":[]},{"ancestorTitles":["Milestone Categorization","NextMonth"],"fullName":"Milestone Categorization NextMonth categorizes first day of next month as NextMonth","status":"passed","title":"categorizes first day of next month as NextMonth","duration":1.4230999999999767,"failureMessages":[],"meta":{},"tags":[]},{"ancestorTitles":["Milestone Categorization","NextMonth"],"fullName":"Milestone Categorization NextMonth categorizes middle of next month as NextMonth","status":"passed","title":"categorizes middle of next month as NextMonth","duration":1.6685999999999694,"failureMessages":[],"meta":{},"tags":[]},{"ancestorTitles":["Milestone Categorization","NextMonth"],"fullName":"Milestone Categorization NextMonth categorizes last day of next month as NextMonth","status":"passed","title":"categorizes last day of next month as NextMonth","duration":1.715900000000147,"failureMessages":[],"meta":{},"tags":[]},{"ancestorTitles":["Milestone Categorization","ThisYear"],"fullName":"Milestone Categorization ThisYear categorizes date 3 months away in same year as ThisYear","status":"passed","title":"categorizes date 3 months away in same year as ThisYear","duration":1.1362000000001444,"failureMessages":[],"meta":{},"tags":[]},{"ancestorTitles":["Milestone Categorization","ThisYear"],"fullName":"Milestone Categorization ThisYear categorizes December when in July as ThisYear","status":"passed","title":"categorizes December when in July as ThisYear","duration":1.0933999999999742,"failureMessages":[],"meta":{},"tags":[]},{"ancestorTitles":["Milestone Categorization","ThisYear"],"fullName":"Milestone Categorization ThisYear categorizes last day of current year as ThisYear","status":"passed","title":"categorizes last day of current year as ThisYear","duration":1.0084000000001652,"failureMessages":[],"meta":{},"tags":[]},{"ancestorTitles":["Milestone Categorization","NextYear"],"fullName":"Milestone Categorization NextYear categorizes first day of next year as NextYear","status":"passed","title":"categorizes first day of next year as NextYear","duration":0.9202000000000226,"failureMessages":[],"meta":{},"tags":[]},{"ancestorTitles":["Milestone Categorization","NextYear"],"fullName":"Milestone Categorization NextYear categorizes middle of next year as NextYear","status":"passed","title":"categorizes middle of next year as NextYear","duration":1.0038999999999305,"failureMessages":[],"meta":{},"tags":[]},{"ancestorTitles":["Milestone Categorization","NextYear"],"fullName":"Milestone Categorization NextYear categorizes last day of next year as NextYear","status":"passed","title":"categorizes last day of next year as NextYear","duration":1.188799999999901,"failureMessages":[],"meta":{},"tags":[]},{"ancestorTitles":["Milestone Categorization","Further"],"fullName":"Milestone Categorization Further categorizes date 2 years away as Further","status":"passed","title":"categorizes date 2 years away as Further","duration":0.9052999999998974,"failureMessages":[],"meta":{},"tags":[]},{"ancestorTitles":["Milestone Categorization","Further"],"fullName":"Milestone Categorization Further categorizes date 10 years away as Further","status":"passed","title":"categorizes date 10 years away as Further","duration":0.9145000000000891,"failureMessages":[],"meta":{},"tags":[]},{"ancestorTitles":["Milestone Categorization","Further"],"fullName":"Milestone Categorization Further categorizes date 50 years away as Further","status":"passed","title":"categorizes date 50 years away as Further","duration":0.8923999999999523,"failureMessages":[],"meta":{},"tags":[]},{"ancestorTitles":["Milestone Categorization","Further"],"fullName":"Milestone Categorization Further categorizes date exactly 75 years away as Further (not beyond)","status":"passed","title":"categorizes date exactly 75 years away as Further (not beyond)","duration":1.1209000000001197,"failureMessages":[],"meta":{},"tags":[]},{"ancestorTitles":["Milestone Categorization","BeyondHumanLifeExpectancy"],"fullName":"Milestone Categorization BeyondHumanLifeExpectancy categorizes date 76 years away as BeyondHumanLifeExpectancy","status":"passed","title":"categorizes date 76 years away as BeyondHumanLifeExpectancy","duration":0.7384999999999309,"failureMessages":[],"meta":{},"tags":[]},{"ancestorTitles":["Milestone Categorization","BeyondHumanLifeExpectancy"],"fullName":"Milestone Categorization BeyondHumanLifeExpectancy categorizes date 100 years away as BeyondHumanLifeExpectancy","status":"passed","title":"categorizes date 100 years away as BeyondHumanLifeExpectancy","duration":0.6544000000001233,"failureMessages":[],"meta":{},"tags":[]},{"ancestorTitles":["Milestone Categorization","BeyondHumanLifeExpectancy"],"fullName":"Milestone Categorization BeyondHumanLifeExpectancy categorizes date 273 years away as BeyondHumanLifeExpectancy","status":"passed","title":"categorizes date 273 years away as BeyondHumanLifeExpectancy","duration":0.9560999999998785,"failureMessages":[],"meta":{},"tags":[]},{"ancestorTitles":["Milestone Categorization","Edge Cases - Week Boundaries"],"fullName":"Milestone Categorization Edge Cases - Week Boundaries handles event on Sunday when today is Saturday (last day of current week)","status":"passed","title":"handles event on Sunday when today is Saturday (last day of current week)","duration":0.9109000000000833,"failureMessages":[],"meta":{},"tags":[]},{"ancestorTitles":["Milestone Categorization","Edge Cases - Week Boundaries"],"fullName":"Milestone Categorization Edge Cases - Week Boundaries handles event at 23:59 on Sunday (end of current week)","status":"passed","title":"handles event at 23:59 on Sunday (end of current week)","duration":0.8048000000001139,"failureMessages":[],"meta":{},"tags":[]},{"ancestorTitles":["Milestone Categorization","Edge Cases - Week Boundaries"],"fullName":"Milestone Categorization Edge Cases - Week Boundaries handles event at 00:00 on Monday (start of next week)","status":"passed","title":"handles event at 00:00 on Monday (start of next week)","duration":0.8975000000000364,"failureMessages":[],"meta":{},"tags":[]},{"ancestorTitles":["Milestone Categorization","Edge Cases - Week Boundaries"],"fullName":"Milestone Categorization Edge Cases - Week Boundaries handles event on Monday when today is Sunday","status":"passed","title":"handles event on Monday when today is Sunday","duration":0.8511999999998352,"failureMessages":[],"meta":{},"tags":[]},{"ancestorTitles":["Milestone Categorization","Edge Cases - Week Boundaries"],"fullName":"Milestone Categorization Edge Cases - Week Boundaries handles Sunday as today","status":"passed","title":"handles Sunday as today","duration":0.5561999999999898,"failureMessages":[],"meta":{},"tags":[]},{"ancestorTitles":["Milestone Categorization","Edge Cases - Week Boundaries"],"fullName":"Milestone Categorization Edge Cases - Week Boundaries handles Monday as today","status":"passed","title":"handles Monday as today","duration":0.6778999999999087,"failureMessages":[],"meta":{},"tags":[]},{"ancestorTitles":["Milestone Categorization","Edge Cases - Month Boundaries"],"fullName":"Milestone Categorization Edge Cases - Month Boundaries handles last hour of month","status":"passed","title":"handles last hour of month","duration":0.6100999999998749,"failureMessages":[],"meta":{},"tags":[]},{"ancestorTitles":["Milestone Categorization","Edge Cases - Month Boundaries"],"fullName":"Milestone Categorization Edge Cases - Month Boundaries handles first hour of next month when it falls in current week","status":"passed","title":"handles first hour of next month when it falls in current week","duration":0.7536999999999807,"failureMessages":[],"meta":{},"tags":[]},{"ancestorTitles":["Milestone Categorization","Edge Cases - Month Boundaries"],"fullName":"Milestone Categorization Edge Cases - Month Boundaries handles February 28 in non-leap year","status":"passed","title":"handles February 28 in non-leap year","duration":4.13169999999991,"failureMessages":[],"meta":{},"tags":[]},{"ancestorTitles":["Milestone Categorization","Edge Cases - Month Boundaries"],"fullName":"Milestone Categorization Edge Cases - Month Boundaries handles February 29 in leap year","status":"passed","title":"handles February 29 in leap year","duration":1.513700000000199,"failureMessages":[],"meta":{},"tags":[]},{"ancestorTitles":["Milestone Categorization","Edge Cases - Year Boundaries"],"fullName":"Milestone Categorization Edge Cases - Year Boundaries handles last day of year","status":"passed","title":"handles last day of year","duration":1.1453999999998814,"failureMessages":[],"meta":{},"tags":[]},{"ancestorTitles":["Milestone Categorization","Edge Cases - Year Boundaries"],"fullName":"Milestone Categorization Edge Cases - Year Boundaries handles first second of next year","status":"passed","title":"handles first second of next year","duration":0.9712999999999283,"failureMessages":[],"meta":{},"tags":[]},{"ancestorTitles":["Milestone Categorization","Edge Cases - Time Precision"],"fullName":"Milestone Categorization Edge Cases - Time Precision handles events one second apart across day boundary","status":"passed","title":"handles events one second apart across day boundary","duration":2.690399999999954,"failureMessages":[],"meta":{},"tags":[]},{"ancestorTitles":["Milestone Categorization","Edge Cases - Time Precision"],"fullName":"Milestone Categorization Edge Cases - Time Precision handles midnight precisely","status":"passed","title":"handles midnight precisely","duration":0.8246000000001459,"failureMessages":[],"meta":{},"tags":[]},{"ancestorTitles":["Milestone Categorization","Real World Scenario - July 2026"],"fullName":"Milestone Categorization Real World Scenario - July 2026 correctly categorizes +100,000 seconds → July 6, 15:21:40 (Monday)","status":"passed","title":"correctly categorizes +100,000 seconds → July 6, 15:21:40 (Monday)","duration":1.1040000000000418,"failureMessages":[],"meta":{},"tags":[]},{"ancestorTitles":["Milestone Categorization","Real World Scenario - July 2026"],"fullName":"Milestone Categorization Real World Scenario - July 2026 correctly categorizes +100 hours → July 9, 15:35:00 (Thursday)","status":"passed","title":"correctly categorizes +100 hours → July 9, 15:35:00 (Thursday)","duration":1.2710000000001855,"failureMessages":[],"meta":{},"tags":[]},{"ancestorTitles":["Milestone Categorization","Real World Scenario - July 2026"],"fullName":"Milestone Categorization Real World Scenario - July 2026 correctly categorizes +10,000 minutes → July 12, 10:15:00 (Sunday)","status":"passed","title":"correctly categorizes +10,000 minutes → July 12, 10:15:00 (Sunday)","duration":2.952099999999973,"failureMessages":[],"meta":{},"tags":[]},{"ancestorTitles":["Milestone Categorization","Real World Scenario - July 2026"],"fullName":"Milestone Categorization Real World Scenario - July 2026 correctly categorizes +1000 minutes → July 6, 04:15:00 (Monday)","status":"passed","title":"correctly categorizes +1000 minutes → July 6, 04:15:00 (Monday)","duration":0.9488999999998668,"failureMessages":[],"meta":{},"tags":[]},{"ancestorTitles":["Milestone Categorization","Real World Scenario - July 2026"],"fullName":"Milestone Categorization Real World Scenario - July 2026 correctly categorizes +12,345 minutes → July 14, 01:20:00 (Tuesday)","status":"passed","title":"correctly categorizes +12,345 minutes → July 14, 01:20:00 (Tuesday)","duration":0.789299999999912,"failureMessages":[],"meta":{},"tags":[]}],"startTime":1783266137820,"endTime":1783266137906.7893,"status":"passed","message":"","name":"C:/Users/MROCHOWSKI/source/repos/moje/10xdevs3-jublio/src/utils/classes/__tests__/Milestone.test.ts"}]}