{"numTotalTestSuites":62,"numPassedTestSuites":62,"numFailedTestSuites":0,"numPendingTestSuites":0,"numTotalTests":162,"numPassedTests":162,"numFailedTests":0,"numPendingTests":0,"numTodoTests":0,"snapshot":{"added":0,"failure":false,"filesAdded":0,"filesRemoved":0,"filesRemovedList":[],"filesUnmatched":0,"filesUpdated":0,"matched":0,"total":0,"unchecked":0,"uncheckedKeysByFile":[],"unmatched":0,"updated":0,"didUpdate":false},"startTime":1783329670064,"success":true,"testResults":[{"assertionResults":[{"ancestorTitles":["formatEventTitle"],"fullName":"formatEventTitle should format title with PlainDate","status":"passed","title":"should format title with PlainDate","duration":11.439099999999996,"failureMessages":[],"meta":{},"tags":[]},{"ancestorTitles":["formatEventTitle"],"fullName":"formatEventTitle should format title with PlainDateTime","status":"passed","title":"should format title with PlainDateTime","duration":2.4301999999999566,"failureMessages":[],"meta":{},"tags":[]},{"ancestorTitles":["formatEventTitle"],"fullName":"formatEventTitle should format title with different locale","status":"passed","title":"should format title with different locale","duration":2.2373999999999796,"failureMessages":[],"meta":{},"tags":[]},{"ancestorTitles":["formatDateForGoogle"],"fullName":"formatDateForGoogle should format all-day start date as YYYYMMDD","status":"passed","title":"should format all-day start date as YYYYMMDD","duration":0.610499999999945,"failureMessages":[],"meta":{},"tags":[]},{"ancestorTitles":["formatDateForGoogle"],"fullName":"formatDateForGoogle should format all-day end date as YYYYMMDD with +1 day","status":"passed","title":"should format all-day end date as YYYYMMDD with +1 day","duration":0.4711000000000354,"failureMessages":[],"meta":{},"tags":[]},{"ancestorTitles":["formatDateForGoogle"],"fullName":"formatDateForGoogle should format timed start as YYYYMMDDTHHmmss","status":"passed","title":"should format timed start as YYYYMMDDTHHmmss","duration":0.9146999999999821,"failureMessages":[],"meta":{},"tags":[]},{"ancestorTitles":["formatDateForGoogle"],"fullName":"formatDateForGoogle should format timed end as YYYYMMDDTHHmmss with +1 hour","status":"passed","title":"should format timed end as YYYYMMDDTHHmmss with +1 hour","duration":0.459699999999998,"failureMessages":[],"meta":{},"tags":[]},{"ancestorTitles":["formatDateForOutlook"],"fullName":"formatDateForOutlook should format all-day start date as YYYY-MM-DD","status":"passed","title":"should format all-day start date as YYYY-MM-DD","duration":0.22399999999998954,"failureMessages":[],"meta":{},"tags":[]},{"ancestorTitles":["formatDateForOutlook"],"fullName":"formatDateForOutlook should format all-day end date as YYYY-MM-DD with +1 day","status":"passed","title":"should format all-day end date as YYYY-MM-DD with +1 day","duration":0.35899999999998045,"failureMessages":[],"meta":{},"tags":[]},{"ancestorTitles":["formatDateForOutlook"],"fullName":"formatDateForOutlook should format timed start as YYYY-MM-DDTHH:mm:ss","status":"passed","title":"should format timed start as YYYY-MM-DDTHH:mm:ss","duration":0.29270000000002483,"failureMessages":[],"meta":{},"tags":[]},{"ancestorTitles":["formatDateForOutlook"],"fullName":"formatDateForOutlook should format timed end as YYYY-MM-DDTHH:mm:ss with +1 hour","status":"passed","title":"should format timed end as YYYY-MM-DDTHH:mm:ss with +1 hour","duration":0.2536999999999807,"failureMessages":[],"meta":{},"tags":[]},{"ancestorTitles":["buildGoogleCalendarUrl"],"fullName":"buildGoogleCalendarUrl should generate correct Google Calendar URL structure","status":"passed","title":"should generate correct Google Calendar URL structure","duration":0.3550000000000182,"failureMessages":[],"meta":{},"tags":[]},{"ancestorTitles":["buildGoogleCalendarUrl"],"fullName":"buildGoogleCalendarUrl should properly encode special characters in title","status":"passed","title":"should properly encode special characters in title","duration":0.2248000000000161,"failureMessages":[],"meta":{},"tags":[]},{"ancestorTitles":["buildOutlookCalendarUrl"],"fullName":"buildOutlookCalendarUrl should generate correct Outlook URL structure for all-day","status":"passed","title":"should generate correct Outlook URL structure for all-day","duration":0.2348999999999819,"failureMessages":[],"meta":{},"tags":[]},{"ancestorTitles":["buildOutlookCalendarUrl"],"fullName":"buildOutlookCalendarUrl should generate correct Outlook URL structure for timed","status":"passed","title":"should generate correct Outlook URL structure for timed","duration":0.15219999999999345,"failureMessages":[],"meta":{},"tags":[]},{"ancestorTitles":["generateIcsFile"],"fullName":"generateIcsFile should generate ICS content with required VCALENDAR structure","status":"passed","title":"should generate ICS content with required VCALENDAR structure","duration":2.72180000000003,"failureMessages":[],"meta":{},"tags":[]},{"ancestorTitles":["generateIcsFile"],"fullName":"generateIcsFile should generate ICS for timed event","status":"passed","title":"should generate ICS for timed event","duration":1.6545999999999594,"failureMessages":[],"meta":{},"tags":[]},{"ancestorTitles":["Calendar export edge cases"],"fullName":"Calendar export edge cases should handle special characters in event titles","status":"passed","title":"should handle special characters in event titles","duration":0.234800000000007,"failureMessages":[],"meta":{},"tags":[]}],"startTime":1783329673098,"endTime":1783329673124.2349,"status":"passed","message":"","name":"C:/Users/MROCHOWSKI/source/repos/moje/10xdevs3-jublio/src/utils/__tests__/calendarExport.test.ts"},{"assertionResults":[{"ancestorTitles":["validateCustomMilestoneValue - Value-only validation"],"fullName":"validateCustomMilestoneValue - Value-only validation should allow empty string","status":"passed","title":"should allow empty string","duration":1.9863000000000284,"failureMessages":[],"meta":{},"tags":[]},{"ancestorTitles":["validateCustomMilestoneValue - Value-only validation"],"fullName":"validateCustomMilestoneValue - Value-only validation should allow whitespace-only string (trimmed to empty)","status":"passed","title":"should allow whitespace-only string (trimmed to empty)","duration":0.22759999999993852,"failureMessages":[],"meta":{},"tags":[]},{"ancestorTitles":["validateCustomMilestoneValue - Value-only validation"],"fullName":"validateCustomMilestoneValue - Value-only validation should reject invalid number (non-numeric string)","status":"passed","title":"should reject invalid number (non-numeric string)","duration":0.18619999999998527,"failureMessages":[],"meta":{},"tags":[]},{"ancestorTitles":["validateCustomMilestoneValue - Value-only validation"],"fullName":"validateCustomMilestoneValue - Value-only validation should reject decimal values","status":"passed","title":"should reject decimal values","duration":0.1835999999999558,"failureMessages":[],"meta":{},"tags":[]},{"ancestorTitles":["validateCustomMilestoneValue - Value-only validation"],"fullName":"validateCustomMilestoneValue - Value-only validation should reject zero","status":"passed","title":"should reject zero","duration":0.24900000000002365,"failureMessages":[],"meta":{},"tags":[]},{"ancestorTitles":["validateCustomMilestoneValue - Value-only validation"],"fullName":"validateCustomMilestoneValue - Value-only validation should reject negative values","status":"passed","title":"should reject negative values","duration":0.1412000000000262,"failureMessages":[],"meta":{},"tags":[]},{"ancestorTitles":["validateCustomMilestoneValue - Value-only validation"],"fullName":"validateCustomMilestoneValue - Value-only validation should accept minimum boundary value (1)","status":"passed","title":"should accept minimum boundary value (1)","duration":0.1754999999999427,"failureMessages":[],"meta":{},"tags":[]},{"ancestorTitles":["validateCustomMilestoneValue - Value-only validation"],"fullName":"validateCustomMilestoneValue - Value-only validation should accept maximum boundary value (1000000000)","status":"passed","title":"should accept maximum boundary value (1000000000)","duration":0.13760000000002037,"failureMessages":[],"meta":{},"tags":[]},{"ancestorTitles":["validateCustomMilestoneValue - Value-only validation"],"fullName":"validateCustomMilestoneValue - Value-only validation should reject value above maximum (1000000001)","status":"passed","title":"should reject value above maximum (1000000001)","duration":4.182000000000016,"failureMessages":[],"meta":{},"tags":[]},{"ancestorTitles":["validateCustomMilestoneValue - Value-only validation"],"fullName":"validateCustomMilestoneValue - Value-only validation should accept valid value with no units (no life expectancy check)","status":"passed","title":"should accept valid value with no units (no life expectancy check)","duration":0.45100000000002183,"failureMessages":[],"meta":{},"tags":[]},{"ancestorTitles":["validateCustomMilestoneValue - Life expectancy validation"],"fullName":"validateCustomMilestoneValue - Life expectancy validation should accept valid combination (1000 days from 2020-01-01)","status":"passed","title":"should accept valid combination (1000 days from 2020-01-01)","duration":8.078700000000026,"failureMessages":[],"meta":{},"tags":[]},{"ancestorTitles":["validateCustomMilestoneValue - Life expectancy validation"],"fullName":"validateCustomMilestoneValue - Life expectancy validation should accept multiple valid units (100 with days, weeks, months)","status":"passed","title":"should accept multiple valid units (100 with days, weeks, months)","duration":1.3927999999999656,"failureMessages":[],"meta":{},"tags":[]},{"ancestorTitles":["validateCustomMilestoneValue - Life expectancy validation"],"fullName":"validateCustomMilestoneValue - Life expectancy validation should reject value exceeding 75 years (100 years)","status":"passed","title":"should reject value exceeding 75 years (100 years)","duration":0.8025000000000091,"failureMessages":[],"meta":{},"tags":[]},{"ancestorTitles":["validateCustomMilestoneValue - Life expectancy validation"],"fullName":"validateCustomMilestoneValue - Life expectancy validation should reject value exceeding 75 years (40000 days ~109 years)","status":"passed","title":"should reject value exceeding 75 years (40000 days ~109 years)","duration":0.5089000000000397,"failureMessages":[],"meta":{},"tags":[]},{"ancestorTitles":["validateCustomMilestoneValue - Life expectancy validation"],"fullName":"validateCustomMilestoneValue - Life expectancy validation should reject when any selected unit exceeds 75 years","status":"passed","title":"should reject when any selected unit exceeds 75 years","duration":0.8346000000000231,"failureMessages":[],"meta":{},"tags":[]},{"ancestorTitles":["validateCustomMilestoneValue - Life expectancy validation"],"fullName":"validateCustomMilestoneValue - Life expectancy validation should reject Temporal overflow (999999999 years)","status":"passed","title":"should reject Temporal overflow (999999999 years)","duration":0.2781000000001086,"failureMessages":[],"meta":{},"tags":[]},{"ancestorTitles":["validateCustomMilestoneValue - Life expectancy validation"],"fullName":"validateCustomMilestoneValue - Life expectancy validation should work with PlainDateTime as originalDate","status":"passed","title":"should work with PlainDateTime as originalDate","duration":0.4399999999999409,"failureMessages":[],"meta":{},"tags":[]},{"ancestorTitles":["validateCustomMilestoneValue - Life expectancy validation"],"fullName":"validateCustomMilestoneValue - Life expectancy validation should accept very large seconds value that stays within 75 years (500000000 seconds ~15.8 years)","status":"passed","title":"should accept very large seconds value that stays within 75 years (500000000 seconds ~15.8 years)","duration":0.5257000000000289,"failureMessages":[],"meta":{},"tags":[]},{"ancestorTitles":["validateCustomMilestoneValue - Life expectancy validation"],"fullName":"validateCustomMilestoneValue - Life expectancy validation should accept value with units but no originalDate (cannot check life expectancy)","status":"passed","title":"should accept value with units but no originalDate (cannot check life expectancy)","duration":0.10030000000006112,"failureMessages":[],"meta":{},"tags":[]},{"ancestorTitles":["validateCustomMilestoneValue - Edge cases"],"fullName":"validateCustomMilestoneValue - Edge cases should reject large value with months that exceeds 75 years","status":"passed","title":"should reject large value with months that exceeds 75 years","duration":0.36009999999998854,"failureMessages":[],"meta":{},"tags":[]},{"ancestorTitles":["validateCustomMilestoneValue - Edge cases"],"fullName":"validateCustomMilestoneValue - Edge cases should accept value near but under 75-year boundary","status":"passed","title":"should accept value near but under 75-year boundary","duration":1.707300000000032,"failureMessages":[],"meta":{},"tags":[]},{"ancestorTitles":["validateCustomMilestoneValue - Edge cases"],"fullName":"validateCustomMilestoneValue - Edge cases should handle very large value with small unit (999999999 seconds ~31.7 years)","status":"passed","title":"should handle very large value with small unit (999999999 seconds ~31.7 years)","duration":0.4636999999999034,"failureMessages":[],"meta":{},"tags":[]},{"ancestorTitles":["validateCustomMilestoneValue - Edge cases"],"fullName":"validateCustomMilestoneValue - Edge cases should handle Temporal overflow gracefully with multiple units","status":"passed","title":"should handle Temporal overflow gracefully with multiple units","duration":0.23689999999999145,"failureMessages":[],"meta":{},"tags":[]},{"ancestorTitles":["validateCustomMilestoneValue - Edge cases"],"fullName":"validateCustomMilestoneValue - Edge cases should format large numbers with thousands separators in error messages","status":"passed","title":"should format large numbers with thousands separators in error messages","duration":0.15819999999996526,"failureMessages":[],"meta":{},"tags":[]}],"startTime":1783329673074,"endTime":1783329673098.4636,"status":"passed","message":"","name":"C:/Users/MROCHOWSKI/source/repos/moje/10xdevs3-jublio/src/utils/__tests__/customMilestoneValidation.test.ts"},{"assertionResults":[{"ancestorTitles":["Design Decisions","Years NOT calculated (design decision #2)"],"fullName":"Design Decisions Years NOT calculated (design decision #2) DateCard does NOT generate year-based milestones","status":"passed","title":"DateCard does NOT generate year-based milestones","duration":53.158500000000004,"failureMessages":[],"meta":{},"tags":[]},{"ancestorTitles":["Design Decisions","Years NOT calculated (design decision #2)"],"fullName":"Design Decisions Years NOT calculated (design decision #2) DateTimeCard does NOT generate year-based milestones","status":"passed","title":"DateTimeCard does NOT generate year-based milestones","duration":69.8443000000002,"failureMessages":[],"meta":{},"tags":[]},{"ancestorTitles":["Design Decisions","Months ARE calculated (design decision #3)"],"fullName":"Design Decisions Months ARE calculated (design decision #3) DateCard generates month-based milestones","status":"passed","title":"DateCard generates month-based milestones","duration":30.25369999999998,"failureMessages":[],"meta":{},"tags":[]},{"ancestorTitles":["Design Decisions","Months ARE calculated (design decision #3)"],"fullName":"Design Decisions Months ARE calculated (design decision #3) DateTimeCard generates month-based milestones","status":"passed","title":"DateTimeCard generates month-based milestones","duration":30.008599999999888,"failureMessages":[],"meta":{},"tags":[]},{"ancestorTitles":["Design Decisions","DST uses wall-clock hours (design decision #4)"],"fullName":"Design Decisions DST uses wall-clock hours (design decision #4) PlainDateTime addition is deterministic (wall-clock hours)","status":"passed","title":"PlainDateTime addition is deterministic (wall-clock hours)","duration":0.7721999999998843,"failureMessages":[],"meta":{},"tags":[]},{"ancestorTitles":["Design Decisions","DST uses wall-clock hours (design decision #4)"],"fullName":"Design Decisions DST uses wall-clock hours (design decision #4) Multiple hour additions are consistent and deterministic","status":"passed","title":"Multiple hour additions are consistent and deterministic","duration":0.23060000000009495,"failureMessages":[],"meta":{},"tags":[]},{"ancestorTitles":["Design Decisions","Time units by input type"],"fullName":"Design Decisions Time units by input type DateCard includes only: days, weeks, months (no time-based units)","status":"passed","title":"DateCard includes only: days, weeks, months (no time-based units)","duration":10.279899999999998,"failureMessages":[],"meta":{},"tags":[]},{"ancestorTitles":["Design Decisions","Time units by input type"],"fullName":"Design Decisions Time units by input type DateTimeCard includes: seconds, minutes, hours, days, weeks, months","status":"passed","title":"DateTimeCard includes: seconds, minutes, hours, days, weeks, months","duration":26.42269999999985,"failureMessages":[],"meta":{},"tags":[]}],"startTime":1783329672140,"endTime":1783329672362.4226,"status":"passed","message":"","name":"C:/Users/MROCHOWSKI/source/repos/moje/10xdevs3-jublio/src/utils/__tests__/design-decisions.test.ts"},{"assertionResults":[{"ancestorTitles":["generateShareUrl - Context-aware text generation"],"fullName":"generateShareUrl - Context-aware text generation should generate 'Today's exactly' for Today category","status":"passed","title":"should generate 'Today's exactly' for Today category","duration":4.121000000000095,"failureMessages":[],"meta":{},"tags":[]},{"ancestorTitles":["generateShareUrl - Context-aware text generation"],"fullName":"generateShareUrl - Context-aware text generation should generate 'On {date}, it will be exactly' for ThisWeek category","status":"passed","title":"should generate 'On {date}, it will be exactly' for ThisWeek category","duration":3.9816000000000713,"failureMessages":[],"meta":{},"tags":[]},{"ancestorTitles":["generateShareUrl - Context-aware text generation"],"fullName":"generateShareUrl - Context-aware text generation should generate 'On {date}, it will be exactly' for NextMonth category","status":"passed","title":"should generate 'On {date}, it will be exactly' for NextMonth category","duration":2.093599999999924,"failureMessages":[],"meta":{},"tags":[]},{"ancestorTitles":["generateShareUrl - Context-aware text generation"],"fullName":"generateShareUrl - Context-aware text generation should generate 'On {date}, it will be exactly' for Further category","status":"passed","title":"should generate 'On {date}, it will be exactly' for Further category","duration":2.026200000000017,"failureMessages":[],"meta":{},"tags":[]},{"ancestorTitles":["generateShareUrl - Context-aware text generation"],"fullName":"generateShareUrl - Context-aware text generation should generate 'On {date}, it will be exactly' for BeyondHumanLifeExpectancy category","status":"passed","title":"should generate 'On {date}, it will be exactly' for BeyondHumanLifeExpectancy category","duration":1.0446000000001732,"failureMessages":[],"meta":{},"tags":[]},{"ancestorTitles":["generateShareUrl - Context-aware text generation"],"fullName":"generateShareUrl - Context-aware text generation should generate 'On {date}, it was exactly' for AlreadyPassed category","status":"passed","title":"should generate 'On {date}, it was exactly' for AlreadyPassed category","duration":1.4958999999998923,"failureMessages":[],"meta":{},"tags":[]},{"ancestorTitles":["generateShareUrl - Provider URL formats"],"fullName":"generateShareUrl - Provider URL formats should generate WhatsApp URL with encoded text","status":"passed","title":"should generate WhatsApp URL with encoded text","duration":0.9311999999999898,"failureMessages":[],"meta":{},"tags":[]},{"ancestorTitles":["generateShareUrl - Provider URL formats"],"fullName":"generateShareUrl - Provider URL formats should generate Twitter URL with encoded text","status":"passed","title":"should generate Twitter URL with encoded text","duration":0.8316999999999553,"failureMessages":[],"meta":{},"tags":[]},{"ancestorTitles":["generateShareUrl - Provider URL formats"],"fullName":"generateShareUrl - Provider URL formats should generate SMS URL with encoded text","status":"passed","title":"should generate SMS URL with encoded text","duration":1.0615000000000236,"failureMessages":[],"meta":{},"tags":[]},{"ancestorTitles":["generateShareUrl - Provider URL formats"],"fullName":"generateShareUrl - Provider URL formats should generate Facebook URL with encoded URL (no custom text)","status":"passed","title":"should generate Facebook URL with encoded URL (no custom text)","duration":1.1358000000000175,"failureMessages":[],"meta":{},"tags":[]},{"ancestorTitles":["generateShareUrl - Provider URL formats"],"fullName":"generateShareUrl - Provider URL formats should generate Messenger URL with encoded URL (no custom text)","status":"passed","title":"should generate Messenger URL with encoded URL (no custom text)","duration":0.5889000000001943,"failureMessages":[],"meta":{},"tags":[]},{"ancestorTitles":["generateShareUrl - Provider URL formats"],"fullName":"generateShareUrl - Provider URL formats should generate LinkedIn URL with encoded URL (no custom text)","status":"passed","title":"should generate LinkedIn URL with encoded URL (no custom text)","duration":0.4539999999999509,"failureMessages":[],"meta":{},"tags":[]},{"ancestorTitles":["generateShareUrl - Provider URL formats"],"fullName":"generateShareUrl - Provider URL formats should return text directly for Copy provider (no URL)","status":"passed","title":"should return text directly for Copy provider (no URL)","duration":0.36209999999982756,"failureMessages":[],"meta":{},"tags":[]},{"ancestorTitles":["generateShareUrl - Character encoding"],"fullName":"generateShareUrl - Character encoding should properly encode special characters in URL providers","status":"passed","title":"should properly encode special characters in URL providers","duration":0.37779999999997926,"failureMessages":[],"meta":{},"tags":[]},{"ancestorTitles":["generateShareUrl - Character encoding"],"fullName":"generateShareUrl - Character encoding should NOT encode text for Copy provider","status":"passed","title":"should NOT encode text for Copy provider","duration":0.37820000000010623,"failureMessages":[],"meta":{},"tags":[]},{"ancestorTitles":["generateShareUrl - Character encoding"],"fullName":"generateShareUrl - Character encoding should properly encode emoji in URL providers","status":"passed","title":"should properly encode emoji in URL providers","duration":0.3735999999998967,"failureMessages":[],"meta":{},"tags":[]},{"ancestorTitles":["generateShareUrl - Attribution URL"],"fullName":"generateShareUrl - Attribution URL should include attribution URL in all providers","status":"passed","title":"should include attribution URL in all providers","duration":1.828800000000001,"failureMessages":[],"meta":{},"tags":[]},{"ancestorTitles":["generateShareUrl - Edge cases"],"fullName":"generateShareUrl - Edge cases should handle very long label without truncation","status":"passed","title":"should handle very long label without truncation","duration":0.8377000000000407,"failureMessages":[],"meta":{},"tags":[]},{"ancestorTitles":["generateShareUrl - Edge cases"],"fullName":"generateShareUrl - Edge cases should format originalDate according to locale","status":"passed","title":"should format originalDate according to locale","duration":1.7691999999999553,"failureMessages":[],"meta":{},"tags":[]},{"ancestorTitles":["generateShareUrl - Edge cases"],"fullName":"generateShareUrl - Edge cases should handle PlainDate vs PlainDateTime originalDate","status":"passed","title":"should handle PlainDate vs PlainDateTime originalDate","duration":1.0416000000000167,"failureMessages":[],"meta":{},"tags":[]}],"startTime":1783329673093,"endTime":1783329673121.0415,"status":"passed","message":"","name":"C:/Users/MROCHOWSKI/source/repos/moje/10xdevs3-jublio/src/utils/__tests__/socialShare.test.ts"},{"assertionResults":[{"ancestorTitles":["Temporal API Edge Cases","Leap year handling"],"fullName":"Temporal API Edge Cases Leap year handling calculates 1,000 days from leap day (2020-02-29) correctly","status":"passed","title":"calculates 1,000 days from leap day (2020-02-29) correctly","duration":51.626599999999996,"failureMessages":[],"meta":{},"tags":[]},{"ancestorTitles":["Temporal API Edge Cases","Leap year handling"],"fullName":"Temporal API Edge Cases Leap year handling handles adding 1 year from leap day (rounds to Feb 28)","status":"passed","title":"handles adding 1 year from leap day (rounds to Feb 28)","duration":0.5948999999999955,"failureMessages":[],"meta":{},"tags":[]},{"ancestorTitles":["Temporal API Edge Cases","Leap year handling"],"fullName":"Temporal API Edge Cases Leap year handling handles leap year in middle of calculation (1000 days from 2019-01-01)","status":"passed","title":"handles leap year in middle of calculation (1000 days from 2019-01-01)","duration":21.29910000000001,"failureMessages":[],"meta":{},"tags":[]},{"ancestorTitles":["Temporal API Edge Cases","Month boundary overflow"],"fullName":"Temporal API Edge Cases Month boundary overflow handles adding 1 month from Jan 31 (overflows to Feb 29 in leap year)","status":"passed","title":"handles adding 1 month from Jan 31 (overflows to Feb 29 in leap year)","duration":0.35839999999996053,"failureMessages":[],"meta":{},"tags":[]},{"ancestorTitles":["Temporal API Edge Cases","Month boundary overflow"],"fullName":"Temporal API Edge Cases Month boundary overflow handles adding 1 month from Jan 31 (overflows to Feb 28 in non-leap year)","status":"passed","title":"handles adding 1 month from Jan 31 (overflows to Feb 28 in non-leap year)","duration":0.31920000000002346,"failureMessages":[],"meta":{},"tags":[]}],"startTime":1783329672135,"endTime":1783329672209.3584,"status":"passed","message":"","name":"C:/Users/MROCHOWSKI/source/repos/moje/10xdevs3-jublio/src/utils/__tests__/temporal-edge-cases.test.ts"},{"assertionResults":[{"ancestorTitles":["validateDateTime","Future date validation"],"fullName":"validateDateTime Future date validation rejects future date (2030-01-01)","status":"passed","title":"rejects future date (2030-01-01)","duration":9.588799999999992,"failureMessages":[],"meta":{},"tags":[]},{"ancestorTitles":["validateDateTime","Future date validation"],"fullName":"validateDateTime Future date validation rejects date that is tomorrow","status":"passed","title":"rejects date that is tomorrow","duration":1.7364999999999782,"failureMessages":[],"meta":{},"tags":[]},{"ancestorTitles":["validateDateTime","Future date validation"],"fullName":"validateDateTime Future date validation accepts today's date","status":"passed","title":"accepts today's date","duration":1.2291999999999916,"failureMessages":[],"meta":{},"tags":[]},{"ancestorTitles":["validateDateTime","Future date validation"],"fullName":"validateDateTime Future date validation accepts past date","status":"passed","title":"accepts past date","duration":0.5868000000000393,"failureMessages":[],"meta":{},"tags":[]},{"ancestorTitles":["validateDateTime","Future time validation"],"fullName":"validateDateTime Future time validation rejects today's date with future time","status":"passed","title":"rejects today's date with future time","duration":4.341399999999965,"failureMessages":[],"meta":{},"tags":[]},{"ancestorTitles":["validateDateTime","Future time validation"],"fullName":"validateDateTime Future time validation accepts today's date with past time","status":"passed","title":"accepts today's date with past time","duration":1.971900000000005,"failureMessages":[],"meta":{},"tags":[]},{"ancestorTitles":["validateDateTime","Future time validation"],"fullName":"validateDateTime Future time validation accepts past date with any time (even future time)","status":"passed","title":"accepts past date with any time (even future time)","duration":0.786200000000008,"failureMessages":[],"meta":{},"tags":[]},{"ancestorTitles":["validateDateTime","Empty time string normalization"],"fullName":"validateDateTime Empty time string normalization treats empty time string as date-only input (time = undefined)","status":"passed","title":"treats empty time string as date-only input (time = undefined)","duration":0.7846999999999866,"failureMessages":[],"meta":{},"tags":[]},{"ancestorTitles":["validateDateTime","Empty time string normalization"],"fullName":"validateDateTime Empty time string normalization treats whitespace-only time string as date-only input","status":"passed","title":"treats whitespace-only time string as date-only input","duration":0.6864999999999668,"failureMessages":[],"meta":{},"tags":[]},{"ancestorTitles":["validateDateTime","Empty time string normalization"],"fullName":"validateDateTime Empty time string normalization accepts valid time string (not empty)","status":"passed","title":"accepts valid time string (not empty)","duration":0.8567999999999643,"failureMessages":[],"meta":{},"tags":[]},{"ancestorTitles":["validateDateTime","Input validation"],"fullName":"validateDateTime Input validation rejects empty date string","status":"passed","title":"rejects empty date string","duration":0.20099999999996498,"failureMessages":[],"meta":{},"tags":[]},{"ancestorTitles":["validateDateTime","Input validation"],"fullName":"validateDateTime Input validation rejects invalid date format","status":"passed","title":"rejects invalid date format","duration":0.19220000000001392,"failureMessages":[],"meta":{},"tags":[]},{"ancestorTitles":["validateDateTime","Input validation"],"fullName":"validateDateTime Input validation rejects invalid time format","status":"passed","title":"rejects invalid time format","duration":0.21039999999999281,"failureMessages":[],"meta":{},"tags":[]}],"startTime":1783329673292,"endTime":1783329673316.2104,"status":"passed","message":"","name":"C:/Users/MROCHOWSKI/source/repos/moje/10xdevs3-jublio/src/utils/__tests__/validation.test.ts"},{"assertionResults":[{"ancestorTitles":["CardBase (via DateCard)","Custom milestone generation"],"fullName":"CardBase (via DateCard) Custom milestone generation generates custom milestone with value 420","status":"passed","title":"generates custom milestone with value 420","duration":39.13060000000007,"failureMessages":[],"meta":{},"tags":[]},{"ancestorTitles":["CardBase (via DateCard)","Custom milestone generation"],"fullName":"CardBase (via DateCard) Custom milestone generation generates multiple custom milestones (420, 2137)","status":"passed","title":"generates multiple custom milestones (420, 2137)","duration":13.325600000000009,"failureMessages":[],"meta":{},"tags":[]},{"ancestorTitles":["CardBase (via DateCard)","Custom milestone generation"],"fullName":"CardBase (via DateCard) Custom milestone generation generates custom milestones alongside default power-of-10 milestones","status":"passed","title":"generates custom milestones alongside default power-of-10 milestones","duration":13.241800000000012,"failureMessages":[],"meta":{},"tags":[]},{"ancestorTitles":["CardBase (via DateCard)","Custom milestone generation"],"fullName":"CardBase (via DateCard) Custom milestone generation generates custom milestone with different unit (weeks)","status":"passed","title":"generates custom milestone with different unit (weeks)","duration":16.451400000000035,"failureMessages":[],"meta":{},"tags":[]},{"ancestorTitles":["CardBase (via DateCard)","Custom milestone generation"],"fullName":"CardBase (via DateCard) Custom milestone generation handles large custom values (25000 days)","status":"passed","title":"handles large custom values (25000 days)","duration":9.737099999999941,"failureMessages":[],"meta":{},"tags":[]},{"ancestorTitles":["CardBase (via DateCard)","Default power-of-10 milestone generation"],"fullName":"CardBase (via DateCard) Default power-of-10 milestone generation generates default milestones at power-of-10 intervals","status":"passed","title":"generates default milestones at power-of-10 intervals","duration":12.566699999999855,"failureMessages":[],"meta":{},"tags":[]}],"startTime":1783329672143,"endTime":1783329672248.5667,"status":"passed","message":"","name":"C:/Users/MROCHOWSKI/source/repos/moje/10xdevs3-jublio/src/utils/classes/__tests__/CardBase.test.ts"},{"assertionResults":[{"ancestorTitles":["DateCard","Basic date-only calculation (happy-path)"],"fullName":"DateCard Basic date-only calculation (happy-path) calculates 10 days from 2020-01-01 correctly","status":"passed","title":"calculates 10 days from 2020-01-01 correctly","duration":52.18489999999997,"failureMessages":[],"meta":{},"tags":[]},{"ancestorTitles":["DateCard","Basic date-only calculation (happy-path)"],"fullName":"DateCard Basic date-only calculation (happy-path) calculates 100 days from 2020-01-01 correctly","status":"passed","title":"calculates 100 days from 2020-01-01 correctly","duration":35.61250000000018,"failureMessages":[],"meta":{},"tags":[]},{"ancestorTitles":["DateCard","Basic date-only calculation (happy-path)"],"fullName":"DateCard Basic date-only calculation (happy-path) calculates 1,000 days from 2020-01-01 correctly","status":"passed","title":"calculates 1,000 days from 2020-01-01 correctly","duration":21.47070000000008,"failureMessages":[],"meta":{},"tags":[]},{"ancestorTitles":["DateCard","Basic date-only calculation (happy-path)"],"fullName":"DateCard Basic date-only calculation (happy-path) calculates week-based milestones","status":"passed","title":"calculates week-based milestones","duration":24.9683,"failureMessages":[],"meta":{},"tags":[]},{"ancestorTitles":["DateCard","Basic date-only calculation (happy-path)"],"fullName":"DateCard Basic date-only calculation (happy-path) returns Temporal.PlainDate from getBase()","status":"passed","title":"returns Temporal.PlainDate from getBase()","duration":8.821099999999888,"failureMessages":[],"meta":{},"tags":[]},{"ancestorTitles":["DateCard","Basic date-only calculation (happy-path)"],"fullName":"DateCard Basic date-only calculation (happy-path) throws error for invalid unit","status":"passed","title":"throws error for invalid unit","duration":9.833399999999983,"failureMessages":[],"meta":{},"tags":[]}],"startTime":1783329672141,"endTime":1783329672294.8335,"status":"passed","message":"","name":"C:/Users/MROCHOWSKI/source/repos/moje/10xdevs3-jublio/src/utils/classes/__tests__/DateCard.test.ts"},{"assertionResults":[{"ancestorTitles":["DateTimeCard","Basic date+time calculation (happy-path)"],"fullName":"DateTimeCard Basic date+time calculation (happy-path) calculates 1,000 seconds from 2020-01-01T12:00:00 correctly","status":"passed","title":"calculates 1,000 seconds from 2020-01-01T12:00:00 correctly","duration":126.30240000000003,"failureMessages":[],"meta":{},"tags":[]},{"ancestorTitles":["DateTimeCard","Basic date+time calculation (happy-path)"],"fullName":"DateTimeCard Basic date+time calculation (happy-path) calculates 10,000 minutes from 2020-01-01T12:00:00 correctly","status":"passed","title":"calculates 10,000 minutes from 2020-01-01T12:00:00 correctly","duration":44.41169999999988,"failureMessages":[],"meta":{},"tags":[]},{"ancestorTitles":["DateTimeCard","Basic date+time calculation (happy-path)"],"fullName":"DateTimeCard Basic date+time calculation (happy-path) calculates 10,000 hours from 2020-01-01T12:00:00 correctly","status":"passed","title":"calculates 10,000 hours from 2020-01-01T12:00:00 correctly","duration":27.515100000000075,"failureMessages":[],"meta":{},"tags":[]},{"ancestorTitles":["DateTimeCard","Basic date+time calculation (happy-path)"],"fullName":"DateTimeCard Basic date+time calculation (happy-path) includes all time-based units (seconds, minutes, hours, days, weeks, months)","status":"passed","title":"includes all time-based units (seconds, minutes, hours, days, weeks, months)","duration":25.80709999999999,"failureMessages":[],"meta":{},"tags":[]},{"ancestorTitles":["DateTimeCard","Basic date+time calculation (happy-path)"],"fullName":"DateTimeCard Basic date+time calculation (happy-path) returns Temporal.PlainDateTime from getBase()","status":"passed","title":"returns Temporal.PlainDateTime from getBase()","duration":10.920399999999972,"failureMessages":[],"meta":{},"tags":[]},{"ancestorTitles":["DateTimeCard","Basic date+time calculation (happy-path)"],"fullName":"DateTimeCard Basic date+time calculation (happy-path) throws error for invalid unit","status":"passed","title":"throws error for invalid unit","duration":11.425500000000056,"failureMessages":[],"meta":{},"tags":[]},{"ancestorTitles":["DateTimeCard","Date+time edge cases"],"fullName":"DateTimeCard Date+time edge cases handles midnight start time correctly","status":"passed","title":"handles midnight start time correctly","duration":25.754400000000032,"failureMessages":[],"meta":{},"tags":[]},{"ancestorTitles":["DateTimeCard","Date+time edge cases"],"fullName":"DateTimeCard Date+time edge cases handles time crossing midnight boundary","status":"passed","title":"handles time crossing midnight boundary","duration":18.130099999999857,"failureMessages":[],"meta":{},"tags":[]}],"startTime":1783329672142,"endTime":1783329672433.1301,"status":"passed","message":"","name":"C:/Users/MROCHOWSKI/source/repos/moje/10xdevs3-jublio/src/utils/classes/__tests__/DateTimeCard.test.ts"},{"assertionResults":[{"ancestorTitles":["Milestone Categorization","AlreadyPassed"],"fullName":"Milestone Categorization AlreadyPassed categorizes date in the past as AlreadyPassed","status":"passed","title":"categorizes date in the past as AlreadyPassed","duration":10.66330000000005,"failureMessages":[],"meta":{},"tags":[]},{"ancestorTitles":["Milestone Categorization","AlreadyPassed"],"fullName":"Milestone Categorization AlreadyPassed categorizes datetime in the past as AlreadyPassed","status":"passed","title":"categorizes datetime in the past as AlreadyPassed","duration":1.75,"failureMessages":[],"meta":{},"tags":[]},{"ancestorTitles":["Milestone Categorization","AlreadyPassed"],"fullName":"Milestone Categorization AlreadyPassed categorizes far past date as AlreadyPassed","status":"passed","title":"categorizes far past date as AlreadyPassed","duration":1.1247999999999365,"failureMessages":[],"meta":{},"tags":[]},{"ancestorTitles":["Milestone Categorization","Today"],"fullName":"Milestone Categorization Today categorizes same date as Today","status":"passed","title":"categorizes same date as Today","duration":2.4753999999999223,"failureMessages":[],"meta":{},"tags":[]},{"ancestorTitles":["Milestone Categorization","Today"],"fullName":"Milestone Categorization Today categorizes datetime with same date but future time as Today","status":"passed","title":"categorizes datetime with same date but future time as Today","duration":1.5353000000000065,"failureMessages":[],"meta":{},"tags":[]},{"ancestorTitles":["Milestone Categorization","Today"],"fullName":"Milestone Categorization Today categorizes datetime with same date but earlier time as Today","status":"passed","title":"categorizes datetime with same date but earlier time as Today","duration":1.357499999999959,"failureMessages":[],"meta":{},"tags":[]},{"ancestorTitles":["Milestone Categorization","ThisWeek"],"fullName":"Milestone Categorization ThisWeek categorizes remaining days of current week as ThisWeek","status":"passed","title":"categorizes remaining days of current week as ThisWeek","duration":2.608799999999974,"failureMessages":[],"meta":{},"tags":[]},{"ancestorTitles":["Milestone Categorization","ThisWeek"],"fullName":"Milestone Categorization ThisWeek categorizes Sunday of current week at start of day as ThisWeek","status":"passed","title":"categorizes Sunday of current week at start of day as ThisWeek","duration":1.5924999999999727,"failureMessages":[],"meta":{},"tags":[]},{"ancestorTitles":["Milestone Categorization","ThisWeek"],"fullName":"Milestone Categorization ThisWeek categorizes Sunday of current week at end of day as ThisWeek","status":"passed","title":"categorizes Sunday of current week at end of day as ThisWeek","duration":1.5346999999999298,"failureMessages":[],"meta":{},"tags":[]},{"ancestorTitles":["Milestone Categorization","ThisWeek"],"fullName":"Milestone Categorization ThisWeek categorizes Tuesday when today is Monday as ThisWeek","status":"passed","title":"categorizes Tuesday when today is Monday as ThisWeek","duration":1.5133999999999332,"failureMessages":[],"meta":{},"tags":[]},{"ancestorTitles":["Milestone Categorization","ThisWeek"],"fullName":"Milestone Categorization ThisWeek categorizes Friday when today is Monday as ThisWeek","status":"passed","title":"categorizes Friday when today is Monday as ThisWeek","duration":1.893100000000004,"failureMessages":[],"meta":{},"tags":[]},{"ancestorTitles":["Milestone Categorization","NextWeek"],"fullName":"Milestone Categorization NextWeek categorizes Monday of next week as NextWeek","status":"passed","title":"categorizes Monday of next week as NextWeek","duration":1.4601000000000113,"failureMessages":[],"meta":{},"tags":[]},{"ancestorTitles":["Milestone Categorization","NextWeek"],"fullName":"Milestone Categorization NextWeek categorizes Sunday of next week at start of day as NextWeek","status":"passed","title":"categorizes Sunday of next week at start of day as NextWeek","duration":1.3642999999999574,"failureMessages":[],"meta":{},"tags":[]},{"ancestorTitles":["Milestone Categorization","NextWeek"],"fullName":"Milestone Categorization NextWeek categorizes last hour of next week Sunday as NextWeek","status":"passed","title":"categorizes last hour of next week Sunday as NextWeek","duration":1.064300000000003,"failureMessages":[],"meta":{},"tags":[]},{"ancestorTitles":["Milestone Categorization","NextWeek"],"fullName":"Milestone Categorization NextWeek categorizes Wednesday of next week as NextWeek","status":"passed","title":"categorizes Wednesday of next week as NextWeek","duration":1.1351999999999407,"failureMessages":[],"meta":{},"tags":[]},{"ancestorTitles":["Milestone Categorization","ThisMonth"],"fullName":"Milestone Categorization ThisMonth categorizes date in same month after next week as ThisMonth","status":"passed","title":"categorizes date in same month after next week as ThisMonth","duration":1.389599999999973,"failureMessages":[],"meta":{},"tags":[]},{"ancestorTitles":["Milestone Categorization","ThisMonth"],"fullName":"Milestone Categorization ThisMonth categorizes date late in current month as ThisMonth","status":"passed","title":"categorizes date late in current month as ThisMonth","duration":1.9785000000000537,"failureMessages":[],"meta":{},"tags":[]},{"ancestorTitles":["Milestone Categorization","ThisMonth"],"fullName":"Milestone Categorization ThisMonth categorizes last day of current month as ThisMonth","status":"passed","title":"categorizes last day of current month as ThisMonth","duration":1.2290000000000418,"failureMessages":[],"meta":{},"tags":[]},{"ancestorTitles":["Milestone Categorization","ThisMonth"],"fullName":"Milestone Categorization ThisMonth categorizes early in month when today is late in month as ThisMonth","status":"passed","title":"categorizes early in month when today is late in month as ThisMonth","duration":0.7007000000000971,"failureMessages":[],"meta":{},"tags":[]},{"ancestorTitles":["Milestone Categorization","NextMonth"],"fullName":"Milestone Categorization NextMonth categorizes first day of next month as NextMonth","status":"passed","title":"categorizes first day of next month as NextMonth","duration":1.0633000000000266,"failureMessages":[],"meta":{},"tags":[]},{"ancestorTitles":["Milestone Categorization","NextMonth"],"fullName":"Milestone Categorization NextMonth categorizes middle of next month as NextMonth","status":"passed","title":"categorizes middle of next month as NextMonth","duration":0.9401000000000295,"failureMessages":[],"meta":{},"tags":[]},{"ancestorTitles":["Milestone Categorization","NextMonth"],"fullName":"Milestone Categorization NextMonth categorizes last day of next month as NextMonth","status":"passed","title":"categorizes last day of next month as NextMonth","duration":3.463799999999992,"failureMessages":[],"meta":{},"tags":[]},{"ancestorTitles":["Milestone Categorization","ThisYear"],"fullName":"Milestone Categorization ThisYear categorizes date 3 months away in same year as ThisYear","status":"passed","title":"categorizes date 3 months away in same year as ThisYear","duration":1.4782000000000153,"failureMessages":[],"meta":{},"tags":[]},{"ancestorTitles":["Milestone Categorization","ThisYear"],"fullName":"Milestone Categorization ThisYear categorizes December when in July as ThisYear","status":"passed","title":"categorizes December when in July as ThisYear","duration":1.4184000000000196,"failureMessages":[],"meta":{},"tags":[]},{"ancestorTitles":["Milestone Categorization","ThisYear"],"fullName":"Milestone Categorization ThisYear categorizes last day of current year as ThisYear","status":"passed","title":"categorizes last day of current year as ThisYear","duration":1.1585000000000036,"failureMessages":[],"meta":{},"tags":[]},{"ancestorTitles":["Milestone Categorization","NextYear"],"fullName":"Milestone Categorization NextYear categorizes first day of next year as NextYear","status":"passed","title":"categorizes first day of next year as NextYear","duration":1.2421999999999116,"failureMessages":[],"meta":{},"tags":[]},{"ancestorTitles":["Milestone Categorization","NextYear"],"fullName":"Milestone Categorization NextYear categorizes middle of next year as NextYear","status":"passed","title":"categorizes middle of next year as NextYear","duration":1.1546999999999343,"failureMessages":[],"meta":{},"tags":[]},{"ancestorTitles":["Milestone Categorization","NextYear"],"fullName":"Milestone Categorization NextYear categorizes last day of next year as NextYear","status":"passed","title":"categorizes last day of next year as NextYear","duration":1.2032999999998992,"failureMessages":[],"meta":{},"tags":[]},{"ancestorTitles":["Milestone Categorization","Further"],"fullName":"Milestone Categorization Further categorizes date 2 years away as Further","status":"passed","title":"categorizes date 2 years away as Further","duration":7.170699999999897,"failureMessages":[],"meta":{},"tags":[]},{"ancestorTitles":["Milestone Categorization","Further"],"fullName":"Milestone Categorization Further categorizes date 10 years away as Further","status":"passed","title":"categorizes date 10 years away as Further","duration":1.3100999999999203,"failureMessages":[],"meta":{},"tags":[]},{"ancestorTitles":["Milestone Categorization","Further"],"fullName":"Milestone Categorization Further categorizes date 50 years away as Further","status":"passed","title":"categorizes date 50 years away as Further","duration":1.4039000000000215,"failureMessages":[],"meta":{},"tags":[]},{"ancestorTitles":["Milestone Categorization","Further"],"fullName":"Milestone Categorization Further categorizes date exactly 75 years away as Further (not beyond)","status":"passed","title":"categorizes date exactly 75 years away as Further (not beyond)","duration":1.5662999999999556,"failureMessages":[],"meta":{},"tags":[]},{"ancestorTitles":["Milestone Categorization","BeyondHumanLifeExpectancy"],"fullName":"Milestone Categorization BeyondHumanLifeExpectancy categorizes date 76 years away as BeyondHumanLifeExpectancy","status":"passed","title":"categorizes date 76 years away as BeyondHumanLifeExpectancy","duration":0.8514999999999873,"failureMessages":[],"meta":{},"tags":[]},{"ancestorTitles":["Milestone Categorization","BeyondHumanLifeExpectancy"],"fullName":"Milestone Categorization BeyondHumanLifeExpectancy categorizes date 100 years away as BeyondHumanLifeExpectancy","status":"passed","title":"categorizes date 100 years away as BeyondHumanLifeExpectancy","duration":0.6188999999999396,"failureMessages":[],"meta":{},"tags":[]},{"ancestorTitles":["Milestone Categorization","BeyondHumanLifeExpectancy"],"fullName":"Milestone Categorization BeyondHumanLifeExpectancy categorizes date 273 years away as BeyondHumanLifeExpectancy","status":"passed","title":"categorizes date 273 years away as BeyondHumanLifeExpectancy","duration":1.0271000000000186,"failureMessages":[],"meta":{},"tags":[]},{"ancestorTitles":["Milestone Categorization","Edge Cases - Week Boundaries"],"fullName":"Milestone Categorization Edge Cases - Week Boundaries handles event on Sunday when today is Saturday (last day of current week)","status":"passed","title":"handles event on Sunday when today is Saturday (last day of current week)","duration":0.8745999999999867,"failureMessages":[],"meta":{},"tags":[]},{"ancestorTitles":["Milestone Categorization","Edge Cases - Week Boundaries"],"fullName":"Milestone Categorization Edge Cases - Week Boundaries handles event at 23:59 on Sunday (end of current week)","status":"passed","title":"handles event at 23:59 on Sunday (end of current week)","duration":0.9026999999999816,"failureMessages":[],"meta":{},"tags":[]},{"ancestorTitles":["Milestone Categorization","Edge Cases - Week Boundaries"],"fullName":"Milestone Categorization Edge Cases - Week Boundaries handles event at 00:00 on Monday (start of next week)","status":"passed","title":"handles event at 00:00 on Monday (start of next week)","duration":1.6835999999999558,"failureMessages":[],"meta":{},"tags":[]},{"ancestorTitles":["Milestone Categorization","Edge Cases - Week Boundaries"],"fullName":"Milestone Categorization Edge Cases - Week Boundaries handles event on Monday when today is Sunday","status":"passed","title":"handles event on Monday when today is Sunday","duration":3.544300000000021,"failureMessages":[],"meta":{},"tags":[]},{"ancestorTitles":["Milestone Categorization","Edge Cases - Week Boundaries"],"fullName":"Milestone Categorization Edge Cases - Week Boundaries handles Sunday as today","status":"passed","title":"handles Sunday as today","duration":1.545099999999934,"failureMessages":[],"meta":{},"tags":[]},{"ancestorTitles":["Milestone Categorization","Edge Cases - Week Boundaries"],"fullName":"Milestone Categorization Edge Cases - Week Boundaries handles Monday as today","status":"passed","title":"handles Monday as today","duration":3.419899999999984,"failureMessages":[],"meta":{},"tags":[]},{"ancestorTitles":["Milestone Categorization","Edge Cases - Month Boundaries"],"fullName":"Milestone Categorization Edge Cases - Month Boundaries handles last hour of month","status":"passed","title":"handles last hour of month","duration":1.2823999999999387,"failureMessages":[],"meta":{},"tags":[]},{"ancestorTitles":["Milestone Categorization","Edge Cases - Month Boundaries"],"fullName":"Milestone Categorization Edge Cases - Month Boundaries handles first hour of next month when it falls in current week","status":"passed","title":"handles first hour of next month when it falls in current week","duration":5.614500000000021,"failureMessages":[],"meta":{},"tags":[]},{"ancestorTitles":["Milestone Categorization","Edge Cases - Month Boundaries"],"fullName":"Milestone Categorization Edge Cases - Month Boundaries handles February 28 in non-leap year","status":"passed","title":"handles February 28 in non-leap year","duration":6.312999999999988,"failureMessages":[],"meta":{},"tags":[]},{"ancestorTitles":["Milestone Categorization","Edge Cases - Month Boundaries"],"fullName":"Milestone Categorization Edge Cases - Month Boundaries handles February 29 in leap year","status":"passed","title":"handles February 29 in leap year","duration":2.334600000000023,"failureMessages":[],"meta":{},"tags":[]},{"ancestorTitles":["Milestone Categorization","Edge Cases - Year Boundaries"],"fullName":"Milestone Categorization Edge Cases - Year Boundaries handles last day of year","status":"passed","title":"handles last day of year","duration":0.9837999999999738,"failureMessages":[],"meta":{},"tags":[]},{"ancestorTitles":["Milestone Categorization","Edge Cases - Year Boundaries"],"fullName":"Milestone Categorization Edge Cases - Year Boundaries handles first second of next year","status":"passed","title":"handles first second of next year","duration":0.9377999999999247,"failureMessages":[],"meta":{},"tags":[]},{"ancestorTitles":["Milestone Categorization","Edge Cases - Time Precision"],"fullName":"Milestone Categorization Edge Cases - Time Precision handles events one second apart across day boundary","status":"passed","title":"handles events one second apart across day boundary","duration":1.5481000000000904,"failureMessages":[],"meta":{},"tags":[]},{"ancestorTitles":["Milestone Categorization","Edge Cases - Time Precision"],"fullName":"Milestone Categorization Edge Cases - Time Precision handles midnight precisely","status":"passed","title":"handles midnight precisely","duration":0.7518000000000029,"failureMessages":[],"meta":{},"tags":[]},{"ancestorTitles":["Milestone Categorization","Real World Scenario - July 2026"],"fullName":"Milestone Categorization Real World Scenario - July 2026 correctly categorizes +100,000 seconds → July 6, 15:21:40 (Monday)","status":"passed","title":"correctly categorizes +100,000 seconds → July 6, 15:21:40 (Monday)","duration":1.9871999999999161,"failureMessages":[],"meta":{},"tags":[]},{"ancestorTitles":["Milestone Categorization","Real World Scenario - July 2026"],"fullName":"Milestone Categorization Real World Scenario - July 2026 correctly categorizes +100 hours → July 9, 15:35:00 (Thursday)","status":"passed","title":"correctly categorizes +100 hours → July 9, 15:35:00 (Thursday)","duration":1.8058000000000902,"failureMessages":[],"meta":{},"tags":[]},{"ancestorTitles":["Milestone Categorization","Real World Scenario - July 2026"],"fullName":"Milestone Categorization Real World Scenario - July 2026 correctly categorizes +10,000 minutes → July 12, 10:15:00 (Sunday)","status":"passed","title":"correctly categorizes +10,000 minutes → July 12, 10:15:00 (Sunday)","duration":2.158999999999992,"failureMessages":[],"meta":{},"tags":[]},{"ancestorTitles":["Milestone Categorization","Real World Scenario - July 2026"],"fullName":"Milestone Categorization Real World Scenario - July 2026 correctly categorizes +1000 minutes → July 6, 04:15:00 (Monday)","status":"passed","title":"correctly categorizes +1000 minutes → July 6, 04:15:00 (Monday)","duration":2.8944000000000187,"failureMessages":[],"meta":{},"tags":[]},{"ancestorTitles":["Milestone Categorization","Real World Scenario - July 2026"],"fullName":"Milestone Categorization Real World Scenario - July 2026 correctly categorizes +12,345 minutes → July 14, 01:20:00 (Tuesday)","status":"passed","title":"correctly categorizes +12,345 minutes → July 14, 01:20:00 (Tuesday)","duration":2.6875,"failureMessages":[],"meta":{},"tags":[]}],"startTime":1783329672113,"endTime":1783329672223.6875,"status":"passed","message":"","name":"C:/Users/MROCHOWSKI/source/repos/moje/10xdevs3-jublio/src/utils/classes/__tests__/Milestone.test.ts"}]}